#! /c/iverilog/bin/vvp
:ivl_version "0.9.7 " "(v0_9_7)";
:vpi_time_precision - 12;
:vpi_module "system";
:vpi_module "v2005_math";
:vpi_module "va_math";
S_010231B8 .scope module, "Main" "Main" 2 7;
 .timescale -9 -12;
v01058548_0 .net "area_encoder_decoder", 11 0, v01057DD8_0; 1 drivers
v01058390_0 .net "busy", 0 0, v010570C8_0; 1 drivers
v010583E8_0 .var "clk", 0 0;
v01058180_0 .net "data_encoder_sender", 7 0, v01057C78_0; 1 drivers
v010585F8_0 .net "data_receiver_decoder", 7 0, v01057960_0; 1 drivers
v01058230_0 .net "data_sender_receiver", 0 0, v01057B70_0; 1 drivers
v01058440_0 .net "debug0", 0 0, L_0105A030; 1 drivers
v01058968_0 .net "debug1", 0 0, L_01059FD8; 1 drivers
v010589C0_0 .net "debug10", 0 0, L_0105A0E0; 1 drivers
v01058758_0 .net "debug11", 0 0, L_0105A608; 1 drivers
v01058498_0 .net "debug12", 0 0, L_0105A920; 1 drivers
v01058A18_0 .net "debug13", 0 0, L_0105A3F8; 1 drivers
v01058020_0 .net "debug14", 0 0, L_0105A7C0; 1 drivers
v01058078_0 .net "debug15", 0 0, L_0105A558; 1 drivers
v010580D0_0 .net "debug16", 0 0, L_0105AA80; 1 drivers
v01058128_0 .net "debug17", 0 0, L_0105A9D0; 1 drivers
v010584F0_0 .net "debug18", 0 0, L_0105A2F0; 1 drivers
v01058650_0 .net "debug19", 0 0, L_0105A348; 1 drivers
v010586A8_0 .net "debug2", 0 0, L_0105A190; 1 drivers
v01058F40_0 .net "debug20", 0 0, L_0105A240; 1 drivers
v01058AC8_0 .net "debug21", 0 0, L_0105A660; 1 drivers
v01058C28_0 .net "debug22", 0 0, L_0105A6B8; 1 drivers
v01058B78_0 .net "debug23", 0 0, L_0105A450; 1 drivers
v01058B20_0 .net "debug24", 0 0, L_0105A500; 1 drivers
v01058EE8_0 .net "debug25", 0 0, L_0105AA28; 1 drivers
v01058DE0_0 .net "debug26", 0 0, L_0105A088; 1 drivers
v01058BD0_0 .net "debug27", 0 0, L_0105A138; 1 drivers
v01058D88_0 .net "debug28", 0 0, L_0105A298; 1 drivers
v01058C80_0 .net "debug29", 0 0, L_0105AAD8; 1 drivers
v01058CD8_0 .net "debug3", 0 0, L_0105A1E8; 1 drivers
v01058D30_0 .net "debug30", 0 0, L_0105ACE8; 1 drivers
v01058E38_0 .net "debug31", 0 0, L_0105AB88; 1 drivers
v01058E90_0 .net "debug32", 0 0, L_0105AEF8; 1 drivers
v01059970_0 .net "debug33", 0 0, L_0105ADF0; 1 drivers
v01059130_0 .net "debug34", 0 0, L_0105ABE0; 1 drivers
v010596B0_0 .net "debug35", 0 0, L_0105AD40; 1 drivers
v010594A0_0 .net "debug36", 0 0, L_0105AEA0; 1 drivers
v01059188_0 .net "debug37", 0 0, L_0105AE48; 1 drivers
v01059708_0 .net "debug38", 0 0, L_0105AB30; 1 drivers
v01059398_0 .net "debug39", 0 0, L_0105AC38; 1 drivers
v010598C0_0 .net "debug4", 0 0, L_0105A818; 1 drivers
v01059550_0 .net "debug40", 0 0, L_0105AC90; 1 drivers
v01059760_0 .net "debug41", 0 0, L_0105AF50; 1 drivers
v01059918_0 .net "debug42", 0 0, L_0105AD98; 1 drivers
v010592E8_0 .net "debug43", 0 0, L_0105B458; 1 drivers
v010599C8_0 .net "debug44", 0 0, L_0105BA88; 1 drivers
v01058FD0_0 .net "debug45", 0 0, L_0105BA30; 1 drivers
v01059340_0 .net "debug46", 0 0, L_0105B668; 1 drivers
v010591E0_0 .net "debug47", 0 0, L_0105B038; 1 drivers
v01059868_0 .net "debug48", 0 0, L_0105B198; 1 drivers
v010593F0_0 .net "debug49", 0 0, L_0105B820; 1 drivers
v01059600_0 .net "debug5", 0 0, L_0105A978; 1 drivers
v01059448_0 .net "debug50", 0 0, L_0105B3A8; 1 drivers
v01059A20_0 .net "debug51", 0 0, L_0105B980; 1 drivers
v01059A78_0 .net "debug52", 0 0, L_0105B560; 1 drivers
v01059028_0 .net "debug53", 0 0, L_0105B248; 1 drivers
v01059080_0 .net "debug54", 0 0, L_0105AFE0; 1 drivers
v01059238_0 .net "debug55", 0 0, L_0105B4B0; 1 drivers
v010594F8_0 .net "debug56", 0 0, L_0105B9D8; 1 drivers
v01059658_0 .net "debug57", 0 0, L_0105B090; 1 drivers
v01059810_0 .net "debug58", 0 0, L_0105B0E8; 1 drivers
v01059290_0 .net "debug59", 0 0, L_0105B508; 1 drivers
v010595A8_0 .net "debug6", 0 0, L_0105A768; 1 drivers
v010597B8_0 .net "debug60", 0 0, L_0105B8D0; 1 drivers
v010590D8_0 .net "debug61", 0 0, L_0105B140; 1 drivers
v01059AD0_0 .net "debug62", 0 0, L_0105B7C8; 1 drivers
v01059DE8_0 .net "debug63", 0 0, L_0105B1F0; 1 drivers
v01059D90_0 .net "debug7", 0 0, L_0105A870; 1 drivers
v01059E98_0 .net "debug8", 0 0, L_0105A3A0; 1 drivers
v01059EF0_0 .net "debug9", 0 0, L_0105A5B0; 1 drivers
v01059D38_0 .net "done_decoder", 0 0, v01056AB8_0; 1 drivers
v01059C88_0 .net "done_encoder_decoder", 0 0, v01057BC8_0; 1 drivers
v01059E40_0 .net "done_encoder_sender", 0 0, v01057280_0; 1 drivers
v01059CE0_0 .net "done_receiver_decoder", 0 0, v01057908_0; 1 drivers
v01059F48_0 .net "primeter_encoder_decoder", 7 0, v01057B18_0; 1 drivers
v01059B28_0 .net "ready_to_send", 0 0, v010587B0_0; 1 drivers
v01059B80_0 .var "reset", 0 0;
v01059BD8_0 .net "start_col_encoder_decoder", 6 0, L_0105A8C8; 1 drivers
v01059C30_0 .var "start_encoder", 0 0;
v0105A4A8_0 .net "start_row_encoder_decoder", 6 0, L_0105A710; 1 drivers
L_0105A030 .part v0100E110_0, 0, 1;
L_01059FD8 .part v01024170_0, 0, 1;
L_0105A190 .part v01055D80_0, 0, 1;
L_0105A1E8 .part v01055AC0_0, 0, 1;
L_0105A818 .part v01056698_0, 0, 1;
L_0105A978 .part v01056010_0, 0, 1;
L_0105A768 .part v01056278_0, 0, 1;
L_0105A870 .part v01056B10_0, 0, 1;
L_0105A3A0 .part v01056C18_0, 0, 1;
L_0105A5B0 .part v01056BC0_0, 0, 1;
L_0105A0E0 .part v010241C8_0, 0, 1;
L_0105A608 .part v00FDC668_0, 0, 1;
L_0105A920 .part v01055B70_0, 0, 1;
L_0105A3F8 .part v01055BC8_0, 0, 1;
L_0105A7C0 .part v01055D28_0, 0, 1;
L_0105A558 .part v01055C20_0, 0, 1;
L_0105AA80 .part v01055C78_0, 0, 1;
L_0105A9D0 .part v01055800_0, 0, 1;
L_0105A2F0 .part v010558B0_0, 0, 1;
L_0105A348 .part v01055CD0_0, 0, 1;
L_0105A240 .part v01055A10_0, 0, 1;
L_0105A660 .part v01055908_0, 0, 1;
L_0105A6B8 .part v010557A8_0, 0, 1;
L_0105A450 .part v01055DD8_0, 0, 1;
L_0105A500 .part v01055858_0, 0, 1;
L_0105AA28 .part v01055960_0, 0, 1;
L_0105A088 .part v010559B8_0, 0, 1;
L_0105A138 .part v01055E30_0, 0, 1;
L_0105A298 .part v01055B18_0, 0, 1;
L_0105AAD8 .part v01055A68_0, 0, 1;
L_0105ACE8 .part v01055E88_0, 0, 1;
L_0105AB88 .part v01055EE0_0, 0, 1;
L_0105AEF8 .part v01056430_0, 0, 1;
L_0105ADF0 .part v01056A60_0, 0, 1;
L_0105ABE0 .part v010568A8_0, 0, 1;
L_0105AD40 .part v01055FB8_0, 0, 1;
L_0105AEA0 .part v010566F0_0, 0, 1;
L_0105AE48 .part v01056640_0, 0, 1;
L_0105AB30 .part v010567F8_0, 0, 1;
L_0105AC38 .part v01056220_0, 0, 1;
L_0105AC90 .part v01056488_0, 0, 1;
L_0105AF50 .part v01056170_0, 0, 1;
L_0105AD98 .part v01056748_0, 0, 1;
L_0105B458 .part v01056380_0, 0, 1;
L_0105BA88 .part v01056900_0, 0, 1;
L_0105BA30 .part v01056538_0, 0, 1;
L_0105B668 .part v010567A0_0, 0, 1;
L_0105B038 .part v01056958_0, 0, 1;
L_0105B198 .part v010562D0_0, 0, 1;
L_0105B820 .part v010569B0_0, 0, 1;
L_0105B3A8 .part v01056328_0, 0, 1;
L_0105B980 .part v010561C8_0, 0, 1;
L_0105B560 .part v01056850_0, 0, 1;
L_0105B248 .part v010563D8_0, 0, 1;
L_0105AFE0 .part v010565E8_0, 0, 1;
L_0105B4B0 .part v010564E0_0, 0, 1;
L_0105B9D8 .part v01056A08_0, 0, 1;
L_0105B090 .part v01056068_0, 0, 1;
L_0105B0E8 .part v010560C0_0, 0, 1;
L_0105B508 .part v01056118_0, 0, 1;
L_0105B8D0 .part v01056590_0, 0, 1;
L_0105B140 .part v01056D20_0, 0, 1;
L_0105B7C8 .part v01056E28_0, 0, 1;
L_0105B1F0 .part v01056B68_0, 0, 1;
S_01022CF0 .scope module, "u_Encoder" "Encoder" 2 32, 3 3, S_010231B8;
 .timescale -9 -12;
P_010229C4 .param/l "s1" 3 27, +C4<0>;
P_010229D8 .param/l "s2" 3 28, +C4<01>;
P_010229EC .param/l "s3" 3 29, +C4<010>;
P_01022A00 .param/l "s4" 3 30, +C4<011>;
P_01022A14 .param/l "s5" 3 31, +C4<0100>;
P_01022A28 .param/l "s6" 3 32, +C4<0101>;
v01057E30_0 .net *"_s3", 0 0, C4<0>; 1 drivers
v01057E88_0 .net *"_s7", 0 0, C4<0>; 1 drivers
v01057DD8_0 .var "area", 11 0;
v01057EE0_0 .var "black_number", 11 0;
v01057D28_0 .var "border", 1023 0;
v01057F38_0 .net "clk", 0 0, v010583E8_0; 1 drivers
v01057C78_0 .var "code", 7 0;
v01057CD0_0 .var "col", 5 0;
v01057BC8_0 .var "done", 0 0;
v01057D80_0 .var "error", 0 0;
v01057AC0_0 .var "index_border", 9 0;
v01057C20_0 .var "index_send", 9 0;
v01057B18_0 .var "primeter", 7 0;
v01058338 .array "ram", 0 63, 0 63;
v010587B0_0 .var "ready_to_send", 0 0;
v010588B8_0 .var "reg_start_col", 5 0;
v01058910_0 .var "reg_start_row", 5 0;
v01058A70_0 .net "reset", 0 0, v01059B80_0; 1 drivers
v01058700_0 .var "row", 5 0;
v01057FC8_0 .alias "sender_done", 0 0, v01059E40_0;
v010582E0_0 .net "start", 0 0, v01059C30_0; 1 drivers
v01058808_0 .alias "start_col", 6 0, v01059BD8_0;
v010585A0_0 .alias "start_row", 6 0, v0105A4A8_0;
v010581D8_0 .var "state", 2 0;
v01058288_0 .var "update_index_border", 0 0;
v01058860_0 .var "update_index_send", 0 0;
E_0101B020 .event edge, v01058860_0;
E_0101ACE0 .event edge, v01058288_0;
L_0105A710 .concat [ 6 1 0 0], v01058910_0, C4<0>;
L_0105A8C8 .concat [ 6 1 0 0], v010588B8_0, C4<0>;
S_01022470 .scope module, "u_UART_sender" "UART_sender" 2 57, 4 3, S_010231B8;
 .timescale -9 -12;
P_00FDC6C4 .param/l "CLEAN_UP" 4 24, +C4<0101>;
P_00FDC6D8 .param/l "CLKS_PER_BIT" 4 4, +C4<01>;
P_00FDC6EC .param/l "DATA_BITS" 4 22, +C4<011>;
P_00FDC700 .param/l "IDLE" 4 20, +C4<01>;
P_00FDC714 .param/l "RESET" 4 19, +C4<0>;
P_00FDC728 .param/l "START_BIT" 4 21, +C4<010>;
P_00FDC73C .param/l "STOP_BIT" 4 23, +C4<0100>;
v010579B8_0 .var "bitIdx", 2 0;
v010570C8_0 .var "busy", 0 0;
v01057120_0 .alias "clk", 0 0, v01057F38_0;
v010571D0_0 .var "clk_count", 2 0;
v01057178_0 .var "data", 7 0;
v01057228_0 .alias "data_in", 7 0, v01058180_0;
v01057280_0 .var "done", 0 0;
v010572D8_0 .alias "start", 0 0, v01059B28_0;
v01057330_0 .var "state", 2 0;
v01057B70_0 .var "tx", 0 0;
S_01022E00 .scope module, "u_UART_receiver" "UART_receiver" 2 76, 5 3, S_010231B8;
 .timescale -9 -12;
P_010228B4 .param/l "CLEANUP" 5 17, +C4<0100>;
P_010228C8 .param/l "CLKS_PER_BIT" 5 4, +C4<01>;
P_010228DC .param/l "DATA_BITS" 5 15, +C4<010>;
P_010228F0 .param/l "IDLE" 5 13, +C4<0>;
P_01022904 .param/l "START_BIT" 5 14, +C4<01>;
P_01022918 .param/l "STOP_BIT" 5 16, +C4<011>;
v010574E8_0 .var "bit_index", 2 0;
v01057070_0 .alias "clk", 0 0, v01057F38_0;
v01057540_0 .var "clk_count", 7 0;
v01057858_0 .alias "done", 0 0, v01059CE0_0;
v01057800_0 .alias "input_serial", 0 0, v01058230_0;
v010573E0_0 .alias "output_Byte", 7 0, v010585F8_0;
v010577A8_0 .var "r_Rx_Data_R", 0 0;
v01057908_0 .var "reg_done", 0 0;
v01057598_0 .var "reg_input_data", 0 0;
v010575F0_0 .var "state", 2 0;
v01057960_0 .var "total_byte", 7 0;
E_0101AFA0 .event posedge, v00FD7730_0;
S_01022140 .scope module, "u_Decoder" "Decoder" 2 91, 6 3, S_010231B8;
 .timescale -9 -12;
P_01020034 .param/l "s1" 6 83, C4<00>;
P_01020048 .param/l "s2" 6 84, C4<01>;
P_0102005C .param/l "s3" 6 85, C4<10>;
P_01020070 .param/l "s4" 6 86, C4<11>;
v00FC1670_0 .alias "area", 11 0, v01058548_0;
v00FC1780_0 .var "border", 1023 0;
v001AB940_0 .var "calculated_primeter", 7 0;
v00FD7730_0 .alias "clk", 0 0, v01057F38_0;
v00FD4688_0 .alias "code", 7 0, v010585F8_0;
v001AB820_0 .var "col", 5 0;
v0100E110_0 .var "debug0", 63 0;
v01024170_0 .var "debug1", 63 0;
v010241C8_0 .var "debug10", 63 0;
v00FDC668_0 .var "debug11", 63 0;
v01055B70_0 .var "debug12", 63 0;
v01055BC8_0 .var "debug13", 63 0;
v01055D28_0 .var "debug14", 63 0;
v01055C20_0 .var "debug15", 63 0;
v01055C78_0 .var "debug16", 63 0;
v01055800_0 .var "debug17", 63 0;
v010558B0_0 .var "debug18", 63 0;
v01055CD0_0 .var "debug19", 63 0;
v01055D80_0 .var "debug2", 63 0;
v01055A10_0 .var "debug20", 63 0;
v01055908_0 .var "debug21", 63 0;
v010557A8_0 .var "debug22", 63 0;
v01055DD8_0 .var "debug23", 63 0;
v01055858_0 .var "debug24", 63 0;
v01055960_0 .var "debug25", 63 0;
v010559B8_0 .var "debug26", 63 0;
v01055E30_0 .var "debug27", 63 0;
v01055B18_0 .var "debug28", 63 0;
v01055A68_0 .var "debug29", 63 0;
v01055AC0_0 .var "debug3", 63 0;
v01055E88_0 .var "debug30", 63 0;
v01055EE0_0 .var "debug31", 63 0;
v01056430_0 .var "debug32", 63 0;
v01056A60_0 .var "debug33", 63 0;
v010568A8_0 .var "debug34", 63 0;
v01055FB8_0 .var "debug35", 63 0;
v010566F0_0 .var "debug36", 63 0;
v01056640_0 .var "debug37", 63 0;
v010567F8_0 .var "debug38", 63 0;
v01056220_0 .var "debug39", 63 0;
v01056698_0 .var "debug4", 63 0;
v01056488_0 .var "debug40", 63 0;
v01056170_0 .var "debug41", 63 0;
v01056748_0 .var "debug42", 63 0;
v01056380_0 .var "debug43", 63 0;
v01056900_0 .var "debug44", 63 0;
v01056538_0 .var "debug45", 63 0;
v010567A0_0 .var "debug46", 63 0;
v01056958_0 .var "debug47", 63 0;
v010562D0_0 .var "debug48", 63 0;
v010569B0_0 .var "debug49", 63 0;
v01056010_0 .var "debug5", 63 0;
v01056328_0 .var "debug50", 63 0;
v010561C8_0 .var "debug51", 63 0;
v01056850_0 .var "debug52", 63 0;
v010563D8_0 .var "debug53", 63 0;
v010565E8_0 .var "debug54", 63 0;
v010564E0_0 .var "debug55", 63 0;
v01056A08_0 .var "debug56", 63 0;
v01056068_0 .var "debug57", 63 0;
v010560C0_0 .var "debug58", 63 0;
v01056118_0 .var "debug59", 63 0;
v01056278_0 .var "debug6", 63 0;
v01056590_0 .var "debug60", 63 0;
v01056D20_0 .var "debug61", 63 0;
v01056E28_0 .var "debug62", 63 0;
v01056B68_0 .var "debug63", 63 0;
v01056B10_0 .var "debug7", 63 0;
v01056C18_0 .var "debug8", 63 0;
v01056BC0_0 .var "debug9", 63 0;
v01056AB8_0 .var "done", 0 0;
v01056F30_0 .alias "done_receiver", 0 0, v01059CE0_0;
v01056ED8_0 .var "error", 0 0;
v01056C70_0 .var/i "i", 31 0;
v01056CC8_0 .var "index_border", 9 0;
v01056D78_0 .var "paint", 0 0;
v01056DD0_0 .var "pixel", 0 0;
v01056E80_0 .alias "primeter", 7 0, v01059F48_0;
v01057A68 .array "ram", 0 63, 0 63;
v010576A0_0 .var "recived_area", 11 0;
v010576F8_0 .var "recived_primeter", 7 0;
v01057A10_0 .alias "reset", 0 0, v01058A70_0;
v01057388_0 .var "row", 5 0;
v01057490_0 .var "should_start", 3 0;
v01057438_0 .alias "start", 0 0, v01059C88_0;
v01056FC0_0 .alias "start_col", 6 0, v01059BD8_0;
v010578B0_0 .alias "start_row", 6 0, v0105A4A8_0;
v01057018_0 .var "state", 1 0;
v01057750_0 .var "update_index_border3", 0 0;
v01057648_0 .var "update_index_border8", 0 0;
E_0101AD20 .event edge, v01057750_0;
E_0101AD00 .event edge, v01057648_0;
E_0101AE60 .event posedge, v01057A10_0, v00FD7730_0;
    .scope S_01022CF0;
T_0 ;
    %set/v v01058288_0, 0, 1;
    %end;
    .thread T_0;
    .scope S_01022CF0;
T_1 ;
    %set/v v01058860_0, 0, 1;
    %end;
    .thread T_1;
    .scope S_01022CF0;
T_2 ;
    %set/v v01057EE0_0, 0, 12;
    %end;
    .thread T_2;
    .scope S_01022CF0;
T_3 ;
    %wait E_0101AE60;
    %load/v 8, v01058A70_0, 1;
    %jmp/0xz  T_3.0, 8;
    %ix/load 0, 3, 0;
    %assign/v0 v010581D8_0, 0, 0;
    %ix/load 0, 6, 0;
    %assign/v0 v01058700_0, 0, 0;
    %ix/load 0, 6, 0;
    %assign/v0 v01057CD0_0, 0, 0;
    %ix/load 0, 6, 0;
    %assign/v0 v010588B8_0, 0, 0;
    %ix/load 0, 6, 0;
    %assign/v0 v01058910_0, 0, 0;
    %ix/load 0, 8, 0;
    %assign/v0 v01057B18_0, 0, 0;
    %ix/load 0, 12, 0;
    %assign/v0 v01057DD8_0, 0, 0;
    %ix/load 0, 10, 0;
    %assign/v0 v01057AC0_0, 0, 0;
    %ix/load 0, 10, 0;
    %assign/v0 v01057C20_0, 0, 0;
    %ix/load 0, 1, 0;
    %assign/v0 v010587B0_0, 0, 0;
    %jmp T_3.1;
T_3.0 ;
    %load/v 8, v010581D8_0, 3;
    %cmpi/u 8, 0, 3;
    %jmp/1 T_3.2, 6;
    %cmpi/u 8, 1, 3;
    %jmp/1 T_3.3, 6;
    %cmpi/u 8, 2, 3;
    %jmp/1 T_3.4, 6;
    %cmpi/u 8, 3, 3;
    %jmp/1 T_3.5, 6;
    %cmpi/u 8, 4, 3;
    %jmp/1 T_3.6, 6;
    %cmpi/u 8, 5, 3;
    %jmp/1 T_3.7, 6;
    %vpi_call 3 248 "$display", "FSM Unknown State";
    %jmp T_3.9;
T_3.2 ;
    %vpi_call 3 58 "$readmemb", "data.txt", v01058338, 1'sb0, 7'sb0111111;
    %load/v 8, v010582E0_0, 1;
    %jmp/0xz  T_3.10, 8;
    %movi 8, 1, 3;
    %ix/load 0, 3, 0;
    %assign/v0 v010581D8_0, 0, 8;
T_3.10 ;
    %jmp T_3.9;
T_3.3 ;
    %movi 11, 63, 32;
    %load/v 43, v01057CD0_0, 6;
    %mov 49, 0, 1;
    %mov 50, 0, 25;
    %sub 11, 43, 32;
    %ix/getv 3, v01058700_0;
    %jmp/1 T_3.12, 4;
    %ix/get/s 0, 11, 32;
T_3.12 ;
    %load/avx.p 11, v01058338, 0;
    %mov 8, 11, 1; Move signal select into place
    %mov 9, 0, 2;
    %cmpi/u 8, 1, 3;
    %jmp/0xz  T_3.13, 4;
    %movi 8, 2, 3;
    %ix/load 0, 3, 0;
    %assign/v0 v010581D8_0, 0, 8;
    %load/v 8, v01058700_0, 6;
    %ix/load 0, 6, 0;
    %assign/v0 v01058910_0, 0, 8;
    %load/v 8, v01057CD0_0, 6;
    %ix/load 0, 6, 0;
    %assign/v0 v010588B8_0, 0, 8;
    %jmp T_3.14;
T_3.13 ;
    %load/v 8, v01057CD0_0, 6;
    %mov 14, 0, 2;
   %cmpi/u 8, 63, 8;
    %jmp/0xz  T_3.15, 5;
    %load/v 8, v01057CD0_0, 6;
    %mov 14, 0, 26;
    %addi 8, 1, 32;
    %ix/load 0, 6, 0;
    %assign/v0 v01057CD0_0, 0, 8;
    %jmp T_3.16;
T_3.15 ;
    %load/v 8, v01058700_0, 6;
    %mov 14, 0, 2;
   %cmpi/u 8, 63, 8;
    %jmp/0xz  T_3.17, 5;
    %ix/load 0, 6, 0;
    %assign/v0 v01057CD0_0, 0, 0;
    %load/v 8, v01058700_0, 6;
    %mov 14, 0, 26;
    %addi 8, 1, 32;
    %ix/load 0, 6, 0;
    %assign/v0 v01058700_0, 0, 8;
    %jmp T_3.18;
T_3.17 ;
    %ix/load 0, 1, 0;
    %assign/v0 v01057D80_0, 0, 1;
T_3.18 ;
T_3.16 ;
T_3.14 ;
    %jmp T_3.9;
T_3.4 ;
    %load/v 8, v01058700_0, 6;
    %load/v 14, v01058910_0, 6;
    %cmp/u 8, 14, 6;
    %mov 8, 4, 1;
    %load/v 9, v01057CD0_0, 6;
    %load/v 15, v010588B8_0, 6;
    %cmp/u 9, 15, 6;
    %mov 9, 4, 1;
    %and 8, 9, 1;
    %load/v 9, v01057B18_0, 8;
    %mov 17, 0, 1;
    %cmpi/u 9, 0, 9;
    %inv 4, 1;
    %mov 9, 4, 1;
    %and 8, 9, 1;
    %jmp/0xz  T_3.19, 8;
    %movi 8, 3, 3;
    %ix/load 0, 3, 0;
    %assign/v0 v010581D8_0, 0, 8;
    %ix/load 0, 6, 0;
    %assign/v0 v01058700_0, 0, 0;
    %ix/load 0, 6, 0;
    %assign/v0 v01057CD0_0, 0, 0;
    %jmp T_3.20;
T_3.19 ;
    %movi 11, 63, 33;
    %ix/load 0, 1, 0;
    %load/vp0 77, v01057CD0_0, 32;
    %mov 44, 77, 32;
    %mov 76, 0, 1;
    %sub 11, 44, 33;
    %ix/getv 3, v01058700_0;
    %jmp/1 T_3.21, 4;
    %ix/get/s 0, 11, 33;
T_3.21 ;
    %load/avx.p 11, v01058338, 0;
    %mov 8, 11, 1; Move signal select into place
    %mov 9, 0, 2;
    %cmpi/u 8, 1, 3;
    %mov 8, 4, 1;
    %movi 11, 63, 33;
    %ix/load 0, 1, 0;
    %load/vp0 77, v01057CD0_0, 32;
    %mov 44, 77, 32;
    %mov 76, 0, 1;
    %sub 11, 44, 33;
    %load/v 44, v01058700_0, 6;
    %movi 50, 0, 26;
    %subi 44, 1, 32;
    %ix/get 3, 44, 32;
    %jmp/1 T_3.22, 4;
    %ix/get/s 0, 11, 33;
T_3.22 ;
    %load/avx.p 11, v01058338, 0;
    %mov 9, 11, 1; Move signal select into place
    %mov 10, 0, 1;
    %cmpi/u 9, 0, 2;
    %mov 9, 4, 1;
    %and 8, 9, 1;
    %jmp/0xz  T_3.23, 8;
    %load/v 8, v01057CD0_0, 6;
    %mov 14, 0, 26;
    %addi 8, 1, 32;
    %ix/load 0, 6, 0;
    %assign/v0 v01057CD0_0, 0, 8;
    %ix/getv 1, v01057AC0_0;
    %jmp/1 t_0, 4;
    %ix/load 0, 1, 0;
    %assign/v0/x1 v01057D28_0, 0, 0;
t_0 ;
    %ix/load 0, 1, 0;
    %load/vp0 8, v01057AC0_0, 32;
    %ix/get 1, 8, 32;
    %jmp/1 t_1, 4;
    %ix/load 0, 1, 0;
    %assign/v0/x1 v01057D28_0, 0, 0;
t_1 ;
    %ix/load 0, 2, 0;
    %load/vp0 8, v01057AC0_0, 32;
    %ix/get 1, 8, 32;
    %jmp/1 t_2, 4;
    %ix/load 0, 1, 0;
    %assign/v0/x1 v01057D28_0, 0, 0;
t_2 ;
    %ix/load 0, 3, 0;
    %load/vp0 8, v01057AC0_0, 32;
    %ix/get 1, 8, 32;
    %jmp/1 t_3, 4;
    %ix/load 0, 1, 0;
    %assign/v0/x1 v01057D28_0, 0, 0;
t_3 ;
    %ix/load 0, 4, 0;
    %load/vp0 8, v01057AC0_0, 32;
    %ix/get 1, 8, 32;
    %jmp/1 t_4, 4;
    %ix/load 0, 1, 0;
    %assign/v0/x1 v01057D28_0, 0, 0;
t_4 ;
    %ix/load 0, 5, 0;
    %load/vp0 8, v01057AC0_0, 32;
    %ix/get 1, 8, 32;
    %jmp/1 t_5, 4;
    %ix/load 0, 1, 0;
    %assign/v0/x1 v01057D28_0, 0, 0;
t_5 ;
    %ix/load 0, 6, 0;
    %load/vp0 8, v01057AC0_0, 32;
    %ix/get 1, 8, 32;
    %jmp/1 t_6, 4;
    %ix/load 0, 1, 0;
    %assign/v0/x1 v01057D28_0, 0, 0;
t_6 ;
    %ix/load 0, 7, 0;
    %load/vp0 8, v01057AC0_0, 32;
    %ix/get 1, 8, 32;
    %jmp/1 t_7, 4;
    %ix/load 0, 1, 0;
    %assign/v0/x1 v01057D28_0, 0, 0;
t_7 ;
    %load/v 8, v01058288_0, 1;
    %inv 8, 1;
    %ix/load 0, 1, 0;
    %assign/v0 v01058288_0, 0, 8;
    %load/v 8, v01057B18_0, 8;
    %mov 16, 0, 24;
    %addi 8, 1, 32;
    %ix/load 0, 8, 0;
    %assign/v0 v01057B18_0, 0, 8;
    %jmp T_3.24;
T_3.23 ;
    %movi 11, 63, 33;
    %ix/load 0, 1, 0;
    %load/vp0 77, v01057CD0_0, 32;
    %mov 44, 77, 32;
    %mov 76, 0, 1;
    %sub 11, 44, 33;
    %load/v 44, v01058700_0, 6;
    %movi 50, 0, 26;
    %subi 44, 1, 32;
    %ix/get 3, 44, 32;
    %jmp/1 T_3.25, 4;
    %ix/get/s 0, 11, 33;
T_3.25 ;
    %load/avx.p 11, v01058338, 0;
    %mov 8, 11, 1; Move signal select into place
    %mov 9, 0, 2;
    %cmpi/u 8, 1, 3;
    %mov 8, 4, 1;
    %movi 11, 63, 32;
    %load/v 43, v01057CD0_0, 6;
    %mov 49, 0, 1;
    %mov 50, 0, 25;
    %sub 11, 43, 32;
    %load/v 43, v01058700_0, 6;
    %movi 49, 0, 26;
    %subi 43, 1, 32;
    %ix/get 3, 43, 32;
    %jmp/1 T_3.26, 4;
    %ix/get/s 0, 11, 32;
T_3.26 ;
    %load/avx.p 11, v01058338, 0;
    %mov 9, 11, 1; Move signal select into place
    %mov 10, 0, 1;
    %cmpi/u 9, 0, 2;
    %mov 9, 4, 1;
    %and 8, 9, 1;
    %jmp/0xz  T_3.27, 8;
    %load/v 8, v01057CD0_0, 6;
    %mov 14, 0, 26;
    %addi 8, 1, 32;
    %ix/load 0, 6, 0;
    %assign/v0 v01057CD0_0, 0, 8;
    %load/v 8, v01058700_0, 6;
    %mov 14, 0, 26;
    %subi 8, 1, 32;
    %ix/load 0, 6, 0;
    %assign/v0 v01058700_0, 0, 8;
    %ix/getv 1, v01057AC0_0;
    %jmp/1 t_8, 4;
    %ix/load 0, 1, 0;
    %assign/v0/x1 v01057D28_0, 0, 1;
t_8 ;
    %ix/load 0, 1, 0;
    %load/vp0 8, v01057AC0_0, 32;
    %ix/get 1, 8, 32;
    %jmp/1 t_9, 4;
    %ix/load 0, 1, 0;
    %assign/v0/x1 v01057D28_0, 0, 0;
t_9 ;
    %ix/load 0, 2, 0;
    %load/vp0 8, v01057AC0_0, 32;
    %ix/get 1, 8, 32;
    %jmp/1 t_10, 4;
    %ix/load 0, 1, 0;
    %assign/v0/x1 v01057D28_0, 0, 0;
t_10 ;
    %ix/load 0, 3, 0;
    %load/vp0 8, v01057AC0_0, 32;
    %ix/get 1, 8, 32;
    %jmp/1 t_11, 4;
    %ix/load 0, 1, 0;
    %assign/v0/x1 v01057D28_0, 0, 0;
t_11 ;
    %ix/load 0, 4, 0;
    %load/vp0 8, v01057AC0_0, 32;
    %ix/get 1, 8, 32;
    %jmp/1 t_12, 4;
    %ix/load 0, 1, 0;
    %assign/v0/x1 v01057D28_0, 0, 0;
t_12 ;
    %ix/load 0, 5, 0;
    %load/vp0 8, v01057AC0_0, 32;
    %ix/get 1, 8, 32;
    %jmp/1 t_13, 4;
    %ix/load 0, 1, 0;
    %assign/v0/x1 v01057D28_0, 0, 0;
t_13 ;
    %ix/load 0, 6, 0;
    %load/vp0 8, v01057AC0_0, 32;
    %ix/get 1, 8, 32;
    %jmp/1 t_14, 4;
    %ix/load 0, 1, 0;
    %assign/v0/x1 v01057D28_0, 0, 0;
t_14 ;
    %ix/load 0, 7, 0;
    %load/vp0 8, v01057AC0_0, 32;
    %ix/get 1, 8, 32;
    %jmp/1 t_15, 4;
    %ix/load 0, 1, 0;
    %assign/v0/x1 v01057D28_0, 0, 0;
t_15 ;
    %load/v 8, v01058288_0, 1;
    %inv 8, 1;
    %ix/load 0, 1, 0;
    %assign/v0 v01058288_0, 0, 8;
    %load/v 8, v01057B18_0, 8;
    %mov 16, 0, 24;
    %addi 8, 1, 32;
    %ix/load 0, 8, 0;
    %assign/v0 v01057B18_0, 0, 8;
    %jmp T_3.28;
T_3.27 ;
    %movi 11, 63, 32;
    %load/v 43, v01057CD0_0, 6;
    %mov 49, 0, 1;
    %mov 50, 0, 25;
    %sub 11, 43, 32;
    %load/v 43, v01058700_0, 6;
    %movi 49, 0, 26;
    %subi 43, 1, 32;
    %ix/get 3, 43, 32;
    %jmp/1 T_3.29, 4;
    %ix/get/s 0, 11, 32;
T_3.29 ;
    %load/avx.p 11, v01058338, 0;
    %mov 8, 11, 1; Move signal select into place
    %mov 9, 0, 2;
    %cmpi/u 8, 1, 3;
    %mov 8, 4, 1;
    %movi 11, 63, 33;
    %load/v 77, v01057CD0_0, 6;
    %movi 83, 0, 26;
    %subi 77, 1, 32;
    %mov 44, 77, 32;
    %mov 76, 0, 1;
    %sub 11, 44, 33;
    %load/v 44, v01058700_0, 6;
    %movi 50, 0, 26;
    %subi 44, 1, 32;
    %ix/get 3, 44, 32;
    %jmp/1 T_3.30, 4;
    %ix/get/s 0, 11, 33;
T_3.30 ;
    %load/avx.p 11, v01058338, 0;
    %mov 9, 11, 1; Move signal select into place
    %mov 10, 0, 1;
    %cmpi/u 9, 0, 2;
    %mov 9, 4, 1;
    %and 8, 9, 1;
    %jmp/0xz  T_3.31, 8;
    %load/v 8, v01058700_0, 6;
    %mov 14, 0, 26;
    %subi 8, 1, 32;
    %ix/load 0, 6, 0;
    %assign/v0 v01058700_0, 0, 8;
    %ix/getv 1, v01057AC0_0;
    %jmp/1 t_16, 4;
    %ix/load 0, 1, 0;
    %assign/v0/x1 v01057D28_0, 0, 0;
t_16 ;
    %ix/load 0, 1, 0;
    %load/vp0 8, v01057AC0_0, 32;
    %ix/get 1, 8, 32;
    %jmp/1 t_17, 4;
    %ix/load 0, 1, 0;
    %assign/v0/x1 v01057D28_0, 0, 1;
t_17 ;
    %ix/load 0, 2, 0;
    %load/vp0 8, v01057AC0_0, 32;
    %ix/get 1, 8, 32;
    %jmp/1 t_18, 4;
    %ix/load 0, 1, 0;
    %assign/v0/x1 v01057D28_0, 0, 0;
t_18 ;
    %ix/load 0, 3, 0;
    %load/vp0 8, v01057AC0_0, 32;
    %ix/get 1, 8, 32;
    %jmp/1 t_19, 4;
    %ix/load 0, 1, 0;
    %assign/v0/x1 v01057D28_0, 0, 0;
t_19 ;
    %ix/load 0, 4, 0;
    %load/vp0 8, v01057AC0_0, 32;
    %ix/get 1, 8, 32;
    %jmp/1 t_20, 4;
    %ix/load 0, 1, 0;
    %assign/v0/x1 v01057D28_0, 0, 0;
t_20 ;
    %ix/load 0, 5, 0;
    %load/vp0 8, v01057AC0_0, 32;
    %ix/get 1, 8, 32;
    %jmp/1 t_21, 4;
    %ix/load 0, 1, 0;
    %assign/v0/x1 v01057D28_0, 0, 0;
t_21 ;
    %ix/load 0, 6, 0;
    %load/vp0 8, v01057AC0_0, 32;
    %ix/get 1, 8, 32;
    %jmp/1 t_22, 4;
    %ix/load 0, 1, 0;
    %assign/v0/x1 v01057D28_0, 0, 0;
t_22 ;
    %ix/load 0, 7, 0;
    %load/vp0 8, v01057AC0_0, 32;
    %ix/get 1, 8, 32;
    %jmp/1 t_23, 4;
    %ix/load 0, 1, 0;
    %assign/v0/x1 v01057D28_0, 0, 0;
t_23 ;
    %load/v 8, v01058288_0, 1;
    %inv 8, 1;
    %ix/load 0, 1, 0;
    %assign/v0 v01058288_0, 0, 8;
    %load/v 8, v01057B18_0, 8;
    %mov 16, 0, 24;
    %addi 8, 1, 32;
    %ix/load 0, 8, 0;
    %assign/v0 v01057B18_0, 0, 8;
    %jmp T_3.32;
T_3.31 ;
    %movi 11, 63, 33;
    %load/v 77, v01057CD0_0, 6;
    %movi 83, 0, 26;
    %subi 77, 1, 32;
    %mov 44, 77, 32;
    %mov 76, 0, 1;
    %sub 11, 44, 33;
    %load/v 44, v01058700_0, 6;
    %movi 50, 0, 26;
    %subi 44, 1, 32;
    %ix/get 3, 44, 32;
    %jmp/1 T_3.33, 4;
    %ix/get/s 0, 11, 33;
T_3.33 ;
    %load/avx.p 11, v01058338, 0;
    %mov 8, 11, 1; Move signal select into place
    %mov 9, 0, 2;
    %cmpi/u 8, 1, 3;
    %mov 8, 4, 1;
    %movi 11, 63, 33;
    %load/v 77, v01057CD0_0, 6;
    %movi 83, 0, 26;
    %subi 77, 1, 32;
    %mov 44, 77, 32;
    %mov 76, 0, 1;
    %sub 11, 44, 33;
    %ix/getv 3, v01058700_0;
    %jmp/1 T_3.34, 4;
    %ix/get/s 0, 11, 33;
T_3.34 ;
    %load/avx.p 11, v01058338, 0;
    %mov 9, 11, 1; Move signal select into place
    %mov 10, 0, 1;
    %cmpi/u 9, 0, 2;
    %mov 9, 4, 1;
    %and 8, 9, 1;
    %jmp/0xz  T_3.35, 8;
    %load/v 8, v01058700_0, 6;
    %mov 14, 0, 26;
    %subi 8, 1, 32;
    %ix/load 0, 6, 0;
    %assign/v0 v01058700_0, 0, 8;
    %load/v 8, v01057CD0_0, 6;
    %mov 14, 0, 26;
    %subi 8, 1, 32;
    %ix/load 0, 6, 0;
    %assign/v0 v01057CD0_0, 0, 8;
    %ix/getv 1, v01057AC0_0;
    %jmp/1 t_24, 4;
    %ix/load 0, 1, 0;
    %assign/v0/x1 v01057D28_0, 0, 1;
t_24 ;
    %ix/load 0, 1, 0;
    %load/vp0 8, v01057AC0_0, 32;
    %ix/get 1, 8, 32;
    %jmp/1 t_25, 4;
    %ix/load 0, 1, 0;
    %assign/v0/x1 v01057D28_0, 0, 1;
t_25 ;
    %ix/load 0, 2, 0;
    %load/vp0 8, v01057AC0_0, 32;
    %ix/get 1, 8, 32;
    %jmp/1 t_26, 4;
    %ix/load 0, 1, 0;
    %assign/v0/x1 v01057D28_0, 0, 0;
t_26 ;
    %ix/load 0, 3, 0;
    %load/vp0 8, v01057AC0_0, 32;
    %ix/get 1, 8, 32;
    %jmp/1 t_27, 4;
    %ix/load 0, 1, 0;
    %assign/v0/x1 v01057D28_0, 0, 0;
t_27 ;
    %ix/load 0, 4, 0;
    %load/vp0 8, v01057AC0_0, 32;
    %ix/get 1, 8, 32;
    %jmp/1 t_28, 4;
    %ix/load 0, 1, 0;
    %assign/v0/x1 v01057D28_0, 0, 0;
t_28 ;
    %ix/load 0, 5, 0;
    %load/vp0 8, v01057AC0_0, 32;
    %ix/get 1, 8, 32;
    %jmp/1 t_29, 4;
    %ix/load 0, 1, 0;
    %assign/v0/x1 v01057D28_0, 0, 0;
t_29 ;
    %ix/load 0, 6, 0;
    %load/vp0 8, v01057AC0_0, 32;
    %ix/get 1, 8, 32;
    %jmp/1 t_30, 4;
    %ix/load 0, 1, 0;
    %assign/v0/x1 v01057D28_0, 0, 0;
t_30 ;
    %ix/load 0, 7, 0;
    %load/vp0 8, v01057AC0_0, 32;
    %ix/get 1, 8, 32;
    %jmp/1 t_31, 4;
    %ix/load 0, 1, 0;
    %assign/v0/x1 v01057D28_0, 0, 0;
t_31 ;
    %load/v 8, v01058288_0, 1;
    %inv 8, 1;
    %ix/load 0, 1, 0;
    %assign/v0 v01058288_0, 0, 8;
    %load/v 8, v01057B18_0, 8;
    %mov 16, 0, 24;
    %addi 8, 1, 32;
    %ix/load 0, 8, 0;
    %assign/v0 v01057B18_0, 0, 8;
    %jmp T_3.36;
T_3.35 ;
    %movi 11, 63, 33;
    %load/v 77, v01057CD0_0, 6;
    %movi 83, 0, 26;
    %subi 77, 1, 32;
    %mov 44, 77, 32;
    %mov 76, 0, 1;
    %sub 11, 44, 33;
    %ix/getv 3, v01058700_0;
    %jmp/1 T_3.37, 4;
    %ix/get/s 0, 11, 33;
T_3.37 ;
    %load/avx.p 11, v01058338, 0;
    %mov 8, 11, 1; Move signal select into place
    %mov 9, 0, 2;
    %cmpi/u 8, 1, 3;
    %mov 8, 4, 1;
    %movi 11, 63, 33;
    %load/v 77, v01057CD0_0, 6;
    %movi 83, 0, 26;
    %subi 77, 1, 32;
    %mov 44, 77, 32;
    %mov 76, 0, 1;
    %sub 11, 44, 33;
    %ix/load 0, 1, 0;
    %load/vp0 44, v01058700_0, 32;
    %ix/get 3, 44, 32;
    %jmp/1 T_3.38, 4;
    %ix/get/s 0, 11, 33;
T_3.38 ;
    %load/avx.p 11, v01058338, 0;
    %mov 9, 11, 1; Move signal select into place
    %mov 10, 0, 1;
    %cmpi/u 9, 0, 2;
    %mov 9, 4, 1;
    %and 8, 9, 1;
    %jmp/0xz  T_3.39, 8;
    %load/v 8, v01057CD0_0, 6;
    %mov 14, 0, 26;
    %subi 8, 1, 32;
    %ix/load 0, 6, 0;
    %assign/v0 v01057CD0_0, 0, 8;
    %ix/getv 1, v01057AC0_0;
    %jmp/1 t_32, 4;
    %ix/load 0, 1, 0;
    %assign/v0/x1 v01057D28_0, 0, 0;
t_32 ;
    %ix/load 0, 1, 0;
    %load/vp0 8, v01057AC0_0, 32;
    %ix/get 1, 8, 32;
    %jmp/1 t_33, 4;
    %ix/load 0, 1, 0;
    %assign/v0/x1 v01057D28_0, 0, 0;
t_33 ;
    %ix/load 0, 2, 0;
    %load/vp0 8, v01057AC0_0, 32;
    %ix/get 1, 8, 32;
    %jmp/1 t_34, 4;
    %ix/load 0, 1, 0;
    %assign/v0/x1 v01057D28_0, 0, 1;
t_34 ;
    %ix/load 0, 3, 0;
    %load/vp0 8, v01057AC0_0, 32;
    %ix/get 1, 8, 32;
    %jmp/1 t_35, 4;
    %ix/load 0, 1, 0;
    %assign/v0/x1 v01057D28_0, 0, 0;
t_35 ;
    %ix/load 0, 4, 0;
    %load/vp0 8, v01057AC0_0, 32;
    %ix/get 1, 8, 32;
    %jmp/1 t_36, 4;
    %ix/load 0, 1, 0;
    %assign/v0/x1 v01057D28_0, 0, 0;
t_36 ;
    %ix/load 0, 5, 0;
    %load/vp0 8, v01057AC0_0, 32;
    %ix/get 1, 8, 32;
    %jmp/1 t_37, 4;
    %ix/load 0, 1, 0;
    %assign/v0/x1 v01057D28_0, 0, 0;
t_37 ;
    %ix/load 0, 6, 0;
    %load/vp0 8, v01057AC0_0, 32;
    %ix/get 1, 8, 32;
    %jmp/1 t_38, 4;
    %ix/load 0, 1, 0;
    %assign/v0/x1 v01057D28_0, 0, 0;
t_38 ;
    %ix/load 0, 7, 0;
    %load/vp0 8, v01057AC0_0, 32;
    %ix/get 1, 8, 32;
    %jmp/1 t_39, 4;
    %ix/load 0, 1, 0;
    %assign/v0/x1 v01057D28_0, 0, 0;
t_39 ;
    %load/v 8, v01058288_0, 1;
    %inv 8, 1;
    %ix/load 0, 1, 0;
    %assign/v0 v01058288_0, 0, 8;
    %load/v 8, v01057B18_0, 8;
    %mov 16, 0, 24;
    %addi 8, 1, 32;
    %ix/load 0, 8, 0;
    %assign/v0 v01057B18_0, 0, 8;
    %jmp T_3.40;
T_3.39 ;
    %movi 11, 63, 33;
    %load/v 77, v01057CD0_0, 6;
    %movi 83, 0, 26;
    %subi 77, 1, 32;
    %mov 44, 77, 32;
    %mov 76, 0, 1;
    %sub 11, 44, 33;
    %ix/load 0, 1, 0;
    %load/vp0 44, v01058700_0, 32;
    %ix/get 3, 44, 32;
    %jmp/1 T_3.41, 4;
    %ix/get/s 0, 11, 33;
T_3.41 ;
    %load/avx.p 11, v01058338, 0;
    %mov 8, 11, 1; Move signal select into place
    %mov 9, 0, 2;
    %cmpi/u 8, 1, 3;
    %mov 8, 4, 1;
    %movi 11, 63, 32;
    %load/v 43, v01057CD0_0, 6;
    %mov 49, 0, 1;
    %mov 50, 0, 25;
    %sub 11, 43, 32;
    %ix/load 0, 1, 0;
    %load/vp0 43, v01058700_0, 32;
    %ix/get 3, 43, 32;
    %jmp/1 T_3.42, 4;
    %ix/get/s 0, 11, 32;
T_3.42 ;
    %load/avx.p 11, v01058338, 0;
    %mov 9, 11, 1; Move signal select into place
    %mov 10, 0, 1;
    %cmpi/u 9, 0, 2;
    %mov 9, 4, 1;
    %and 8, 9, 1;
    %jmp/0xz  T_3.43, 8;
    %load/v 8, v01058700_0, 6;
    %mov 14, 0, 26;
    %addi 8, 1, 32;
    %ix/load 0, 6, 0;
    %assign/v0 v01058700_0, 0, 8;
    %load/v 8, v01057CD0_0, 6;
    %mov 14, 0, 26;
    %subi 8, 1, 32;
    %ix/load 0, 6, 0;
    %assign/v0 v01057CD0_0, 0, 8;
    %ix/getv 1, v01057AC0_0;
    %jmp/1 t_40, 4;
    %ix/load 0, 1, 0;
    %assign/v0/x1 v01057D28_0, 0, 1;
t_40 ;
    %ix/load 0, 1, 0;
    %load/vp0 8, v01057AC0_0, 32;
    %ix/get 1, 8, 32;
    %jmp/1 t_41, 4;
    %ix/load 0, 1, 0;
    %assign/v0/x1 v01057D28_0, 0, 0;
t_41 ;
    %ix/load 0, 2, 0;
    %load/vp0 8, v01057AC0_0, 32;
    %ix/get 1, 8, 32;
    %jmp/1 t_42, 4;
    %ix/load 0, 1, 0;
    %assign/v0/x1 v01057D28_0, 0, 1;
t_42 ;
    %ix/load 0, 3, 0;
    %load/vp0 8, v01057AC0_0, 32;
    %ix/get 1, 8, 32;
    %jmp/1 t_43, 4;
    %ix/load 0, 1, 0;
    %assign/v0/x1 v01057D28_0, 0, 0;
t_43 ;
    %ix/load 0, 4, 0;
    %load/vp0 8, v01057AC0_0, 32;
    %ix/get 1, 8, 32;
    %jmp/1 t_44, 4;
    %ix/load 0, 1, 0;
    %assign/v0/x1 v01057D28_0, 0, 0;
t_44 ;
    %ix/load 0, 5, 0;
    %load/vp0 8, v01057AC0_0, 32;
    %ix/get 1, 8, 32;
    %jmp/1 t_45, 4;
    %ix/load 0, 1, 0;
    %assign/v0/x1 v01057D28_0, 0, 0;
t_45 ;
    %ix/load 0, 6, 0;
    %load/vp0 8, v01057AC0_0, 32;
    %ix/get 1, 8, 32;
    %jmp/1 t_46, 4;
    %ix/load 0, 1, 0;
    %assign/v0/x1 v01057D28_0, 0, 0;
t_46 ;
    %ix/load 0, 7, 0;
    %load/vp0 8, v01057AC0_0, 32;
    %ix/get 1, 8, 32;
    %jmp/1 t_47, 4;
    %ix/load 0, 1, 0;
    %assign/v0/x1 v01057D28_0, 0, 0;
t_47 ;
    %load/v 8, v01058288_0, 1;
    %inv 8, 1;
    %ix/load 0, 1, 0;
    %assign/v0 v01058288_0, 0, 8;
    %load/v 8, v01057B18_0, 8;
    %mov 16, 0, 24;
    %addi 8, 1, 32;
    %ix/load 0, 8, 0;
    %assign/v0 v01057B18_0, 0, 8;
    %jmp T_3.44;
T_3.43 ;
    %movi 11, 63, 32;
    %load/v 43, v01057CD0_0, 6;
    %mov 49, 0, 1;
    %mov 50, 0, 25;
    %sub 11, 43, 32;
    %ix/load 0, 1, 0;
    %load/vp0 43, v01058700_0, 32;
    %ix/get 3, 43, 32;
    %jmp/1 T_3.45, 4;
    %ix/get/s 0, 11, 32;
T_3.45 ;
    %load/avx.p 11, v01058338, 0;
    %mov 8, 11, 1; Move signal select into place
    %mov 9, 0, 2;
    %cmpi/u 8, 1, 3;
    %mov 8, 4, 1;
    %movi 11, 63, 33;
    %ix/load 0, 1, 0;
    %load/vp0 77, v01057CD0_0, 32;
    %mov 44, 77, 32;
    %mov 76, 0, 1;
    %sub 11, 44, 33;
    %ix/load 0, 1, 0;
    %load/vp0 44, v01058700_0, 32;
    %ix/get 3, 44, 32;
    %jmp/1 T_3.46, 4;
    %ix/get/s 0, 11, 33;
T_3.46 ;
    %load/avx.p 11, v01058338, 0;
    %mov 9, 11, 1; Move signal select into place
    %mov 10, 0, 1;
    %cmpi/u 9, 0, 2;
    %mov 9, 4, 1;
    %and 8, 9, 1;
    %jmp/0xz  T_3.47, 8;
    %load/v 8, v01058700_0, 6;
    %mov 14, 0, 26;
    %addi 8, 1, 32;
    %ix/load 0, 6, 0;
    %assign/v0 v01058700_0, 0, 8;
    %ix/getv 1, v01057AC0_0;
    %jmp/1 t_48, 4;
    %ix/load 0, 1, 0;
    %assign/v0/x1 v01057D28_0, 0, 0;
t_48 ;
    %ix/load 0, 1, 0;
    %load/vp0 8, v01057AC0_0, 32;
    %ix/get 1, 8, 32;
    %jmp/1 t_49, 4;
    %ix/load 0, 1, 0;
    %assign/v0/x1 v01057D28_0, 0, 1;
t_49 ;
    %ix/load 0, 2, 0;
    %load/vp0 8, v01057AC0_0, 32;
    %ix/get 1, 8, 32;
    %jmp/1 t_50, 4;
    %ix/load 0, 1, 0;
    %assign/v0/x1 v01057D28_0, 0, 1;
t_50 ;
    %ix/load 0, 3, 0;
    %load/vp0 8, v01057AC0_0, 32;
    %ix/get 1, 8, 32;
    %jmp/1 t_51, 4;
    %ix/load 0, 1, 0;
    %assign/v0/x1 v01057D28_0, 0, 0;
t_51 ;
    %ix/load 0, 4, 0;
    %load/vp0 8, v01057AC0_0, 32;
    %ix/get 1, 8, 32;
    %jmp/1 t_52, 4;
    %ix/load 0, 1, 0;
    %assign/v0/x1 v01057D28_0, 0, 0;
t_52 ;
    %ix/load 0, 5, 0;
    %load/vp0 8, v01057AC0_0, 32;
    %ix/get 1, 8, 32;
    %jmp/1 t_53, 4;
    %ix/load 0, 1, 0;
    %assign/v0/x1 v01057D28_0, 0, 0;
t_53 ;
    %ix/load 0, 6, 0;
    %load/vp0 8, v01057AC0_0, 32;
    %ix/get 1, 8, 32;
    %jmp/1 t_54, 4;
    %ix/load 0, 1, 0;
    %assign/v0/x1 v01057D28_0, 0, 0;
t_54 ;
    %ix/load 0, 7, 0;
    %load/vp0 8, v01057AC0_0, 32;
    %ix/get 1, 8, 32;
    %jmp/1 t_55, 4;
    %ix/load 0, 1, 0;
    %assign/v0/x1 v01057D28_0, 0, 0;
t_55 ;
    %load/v 8, v01058288_0, 1;
    %inv 8, 1;
    %ix/load 0, 1, 0;
    %assign/v0 v01058288_0, 0, 8;
    %load/v 8, v01057B18_0, 8;
    %mov 16, 0, 24;
    %addi 8, 1, 32;
    %ix/load 0, 8, 0;
    %assign/v0 v01057B18_0, 0, 8;
    %jmp T_3.48;
T_3.47 ;
    %movi 11, 63, 33;
    %ix/load 0, 1, 0;
    %load/vp0 77, v01057CD0_0, 32;
    %mov 44, 77, 32;
    %mov 76, 0, 1;
    %sub 11, 44, 33;
    %ix/load 0, 1, 0;
    %load/vp0 44, v01058700_0, 32;
    %ix/get 3, 44, 32;
    %jmp/1 T_3.49, 4;
    %ix/get/s 0, 11, 33;
T_3.49 ;
    %load/avx.p 11, v01058338, 0;
    %mov 8, 11, 1; Move signal select into place
    %mov 9, 0, 2;
    %cmpi/u 8, 1, 3;
    %mov 8, 4, 1;
    %movi 11, 63, 33;
    %ix/load 0, 1, 0;
    %load/vp0 77, v01057CD0_0, 32;
    %mov 44, 77, 32;
    %mov 76, 0, 1;
    %sub 11, 44, 33;
    %ix/getv 3, v01058700_0;
    %jmp/1 T_3.50, 4;
    %ix/get/s 0, 11, 33;
T_3.50 ;
    %load/avx.p 11, v01058338, 0;
    %mov 9, 11, 1; Move signal select into place
    %mov 10, 0, 1;
    %cmpi/u 9, 0, 2;
    %mov 9, 4, 1;
    %and 8, 9, 1;
    %jmp/0xz  T_3.51, 8;
    %load/v 8, v01058700_0, 6;
    %mov 14, 0, 26;
    %addi 8, 1, 32;
    %ix/load 0, 6, 0;
    %assign/v0 v01058700_0, 0, 8;
    %load/v 8, v01057CD0_0, 6;
    %mov 14, 0, 26;
    %addi 8, 1, 32;
    %ix/load 0, 6, 0;
    %assign/v0 v01057CD0_0, 0, 8;
    %ix/getv 1, v01057AC0_0;
    %jmp/1 t_56, 4;
    %ix/load 0, 1, 0;
    %assign/v0/x1 v01057D28_0, 0, 1;
t_56 ;
    %ix/load 0, 1, 0;
    %load/vp0 8, v01057AC0_0, 32;
    %ix/get 1, 8, 32;
    %jmp/1 t_57, 4;
    %ix/load 0, 1, 0;
    %assign/v0/x1 v01057D28_0, 0, 1;
t_57 ;
    %ix/load 0, 2, 0;
    %load/vp0 8, v01057AC0_0, 32;
    %ix/get 1, 8, 32;
    %jmp/1 t_58, 4;
    %ix/load 0, 1, 0;
    %assign/v0/x1 v01057D28_0, 0, 1;
t_58 ;
    %ix/load 0, 3, 0;
    %load/vp0 8, v01057AC0_0, 32;
    %ix/get 1, 8, 32;
    %jmp/1 t_59, 4;
    %ix/load 0, 1, 0;
    %assign/v0/x1 v01057D28_0, 0, 0;
t_59 ;
    %ix/load 0, 4, 0;
    %load/vp0 8, v01057AC0_0, 32;
    %ix/get 1, 8, 32;
    %jmp/1 t_60, 4;
    %ix/load 0, 1, 0;
    %assign/v0/x1 v01057D28_0, 0, 0;
t_60 ;
    %ix/load 0, 5, 0;
    %load/vp0 8, v01057AC0_0, 32;
    %ix/get 1, 8, 32;
    %jmp/1 t_61, 4;
    %ix/load 0, 1, 0;
    %assign/v0/x1 v01057D28_0, 0, 0;
t_61 ;
    %ix/load 0, 6, 0;
    %load/vp0 8, v01057AC0_0, 32;
    %ix/get 1, 8, 32;
    %jmp/1 t_62, 4;
    %ix/load 0, 1, 0;
    %assign/v0/x1 v01057D28_0, 0, 0;
t_62 ;
    %ix/load 0, 7, 0;
    %load/vp0 8, v01057AC0_0, 32;
    %ix/get 1, 8, 32;
    %jmp/1 t_63, 4;
    %ix/load 0, 1, 0;
    %assign/v0/x1 v01057D28_0, 0, 0;
t_63 ;
    %load/v 8, v01058288_0, 1;
    %inv 8, 1;
    %ix/load 0, 1, 0;
    %assign/v0 v01058288_0, 0, 8;
    %load/v 8, v01057B18_0, 8;
    %mov 16, 0, 24;
    %addi 8, 1, 32;
    %ix/load 0, 8, 0;
    %assign/v0 v01057B18_0, 0, 8;
T_3.51 ;
T_3.48 ;
T_3.44 ;
T_3.40 ;
T_3.36 ;
T_3.32 ;
T_3.28 ;
T_3.24 ;
T_3.20 ;
    %jmp T_3.9;
T_3.5 ;
    %movi 11, 63, 32;
    %load/v 43, v01057CD0_0, 6;
    %mov 49, 0, 1;
    %mov 50, 0, 25;
    %sub 11, 43, 32;
    %ix/getv 3, v01058700_0;
    %jmp/1 T_3.53, 4;
    %ix/get/s 0, 11, 32;
T_3.53 ;
    %load/avx.p 11, v01058338, 0;
    %mov 8, 11, 1; Move signal select into place
    %mov 9, 0, 2;
    %cmpi/u 8, 1, 3;
    %jmp/0xz  T_3.54, 4;
    %load/v 8, v01057EE0_0, 12;
    %mov 20, 0, 20;
    %addi 8, 1, 32;
    %ix/load 0, 12, 0;
    %assign/v0 v01057EE0_0, 0, 8;
T_3.54 ;
    %load/v 8, v01057CD0_0, 6;
    %mov 14, 0, 2;
   %cmpi/u 8, 63, 8;
    %jmp/0xz  T_3.56, 5;
    %load/v 8, v01057CD0_0, 6;
    %mov 14, 0, 26;
    %addi 8, 1, 32;
    %ix/load 0, 6, 0;
    %assign/v0 v01057CD0_0, 0, 8;
    %jmp T_3.57;
T_3.56 ;
    %load/v 8, v01058700_0, 6;
    %mov 14, 0, 2;
   %cmpi/u 8, 63, 8;
    %jmp/0xz  T_3.58, 5;
    %ix/load 0, 6, 0;
    %assign/v0 v01057CD0_0, 0, 0;
    %load/v 8, v01058700_0, 6;
    %mov 14, 0, 26;
    %addi 8, 1, 32;
    %ix/load 0, 6, 0;
    %assign/v0 v01058700_0, 0, 8;
    %jmp T_3.59;
T_3.58 ;
    %load/v 8, v01057EE0_0, 12;
    %ix/load 0, 12, 0;
    %assign/v0 v01057DD8_0, 0, 8;
    %movi 8, 4, 4;
    %ix/load 0, 3, 0;
    %assign/v0 v010581D8_0, 0, 8;
    %movi 8, 8, 10;
    %ix/load 0, 10, 0;
    %assign/v0 v01057C20_0, 0, 8;
T_3.59 ;
T_3.57 ;
    %jmp T_3.9;
T_3.6 ;
    %ix/load 0, 1, 0;
    %assign/v0 v010587B0_0, 0, 0;
    %load/v 8, v01057C20_0, 10;
    %load/v 18, v01057AC0_0, 10;
    %cmp/u 8, 18, 10;
    %jmp/0xz  T_3.60, 5;
    %ix/getv 1, v01057C20_0;
    %jmp/1 T_3.62, 4;
    %load/x1p 8, v01057D28_0, 1;
    %jmp T_3.63;
T_3.62 ;
    %mov 8, 2, 1;
T_3.63 ;
; Save base=8 wid=1 in lookaside.
    %ix/load 0, 1, 0;
    %ix/load 1, 0, 0;
    %assign/v0/x1 v01057C78_0, 0, 8;
    %ix/load 0, 1, 0;
    %load/vp0 8, v01057C20_0, 32;
    %ix/get 1, 8, 32;
    %jmp/1 T_3.64, 4;
    %load/x1p 8, v01057D28_0, 1;
    %jmp T_3.65;
T_3.64 ;
    %mov 8, 2, 1;
T_3.65 ;
; Save base=8 wid=1 in lookaside.
    %ix/load 0, 1, 0;
    %ix/load 1, 1, 0;
    %assign/v0/x1 v01057C78_0, 0, 8;
    %ix/load 0, 2, 0;
    %load/vp0 8, v01057C20_0, 32;
    %ix/get 1, 8, 32;
    %jmp/1 T_3.66, 4;
    %load/x1p 8, v01057D28_0, 1;
    %jmp T_3.67;
T_3.66 ;
    %mov 8, 2, 1;
T_3.67 ;
; Save base=8 wid=1 in lookaside.
    %ix/load 0, 1, 0;
    %ix/load 1, 2, 0;
    %assign/v0/x1 v01057C78_0, 0, 8;
    %ix/load 0, 3, 0;
    %load/vp0 8, v01057C20_0, 32;
    %ix/get 1, 8, 32;
    %jmp/1 T_3.68, 4;
    %load/x1p 8, v01057D28_0, 1;
    %jmp T_3.69;
T_3.68 ;
    %mov 8, 2, 1;
T_3.69 ;
; Save base=8 wid=1 in lookaside.
    %ix/load 0, 1, 0;
    %ix/load 1, 3, 0;
    %assign/v0/x1 v01057C78_0, 0, 8;
    %ix/load 0, 4, 0;
    %load/vp0 8, v01057C20_0, 32;
    %ix/get 1, 8, 32;
    %jmp/1 T_3.70, 4;
    %load/x1p 8, v01057D28_0, 1;
    %jmp T_3.71;
T_3.70 ;
    %mov 8, 2, 1;
T_3.71 ;
; Save base=8 wid=1 in lookaside.
    %ix/load 0, 1, 0;
    %ix/load 1, 4, 0;
    %assign/v0/x1 v01057C78_0, 0, 8;
    %ix/load 0, 5, 0;
    %load/vp0 8, v01057C20_0, 32;
    %ix/get 1, 8, 32;
    %jmp/1 T_3.72, 4;
    %load/x1p 8, v01057D28_0, 1;
    %jmp T_3.73;
T_3.72 ;
    %mov 8, 2, 1;
T_3.73 ;
; Save base=8 wid=1 in lookaside.
    %ix/load 0, 1, 0;
    %ix/load 1, 5, 0;
    %assign/v0/x1 v01057C78_0, 0, 8;
    %ix/load 0, 6, 0;
    %load/vp0 8, v01057C20_0, 32;
    %ix/get 1, 8, 32;
    %jmp/1 T_3.74, 4;
    %load/x1p 8, v01057D28_0, 1;
    %jmp T_3.75;
T_3.74 ;
    %mov 8, 2, 1;
T_3.75 ;
; Save base=8 wid=1 in lookaside.
    %ix/load 0, 1, 0;
    %ix/load 1, 6, 0;
    %assign/v0/x1 v01057C78_0, 0, 8;
    %ix/load 0, 7, 0;
    %load/vp0 8, v01057C20_0, 32;
    %ix/get 1, 8, 32;
    %jmp/1 T_3.76, 4;
    %load/x1p 8, v01057D28_0, 1;
    %jmp T_3.77;
T_3.76 ;
    %mov 8, 2, 1;
T_3.77 ;
; Save base=8 wid=1 in lookaside.
    %ix/load 0, 1, 0;
    %ix/load 1, 7, 0;
    %assign/v0/x1 v01057C78_0, 0, 8;
    %load/v 8, v01058860_0, 1;
    %inv 8, 1;
    %ix/load 0, 1, 0;
    %assign/v0 v01058860_0, 0, 8;
    %movi 8, 5, 4;
    %ix/load 0, 3, 0;
    %assign/v0 v010581D8_0, 0, 8;
    %jmp T_3.61;
T_3.60 ;
    %ix/load 0, 1, 0;
    %assign/v0 v01057BC8_0, 0, 1;
T_3.61 ;
    %jmp T_3.9;
T_3.7 ;
    %ix/load 0, 1, 0;
    %assign/v0 v010587B0_0, 0, 1;
    %load/v 8, v01057FC8_0, 1;
    %mov 9, 0, 2;
    %cmpi/u 8, 1, 3;
    %jmp/0xz  T_3.78, 4;
    %movi 8, 4, 4;
    %set/v v010581D8_0, 8, 3;
T_3.78 ;
    %jmp T_3.9;
T_3.9 ;
T_3.1 ;
    %jmp T_3;
    .thread T_3;
    .scope S_01022CF0;
T_4 ;
    %wait E_0101ACE0;
    %load/v 8, v01057AC0_0, 10;
    %mov 18, 0, 22;
    %addi 8, 8, 32;
    %ix/load 0, 10, 0;
    %assign/v0 v01057AC0_0, 0, 8;
    %jmp T_4;
    .thread T_4, $push;
    .scope S_01022CF0;
T_5 ;
    %wait E_0101B020;
    %load/v 8, v01057C20_0, 10;
    %mov 18, 0, 22;
    %addi 8, 8, 32;
    %ix/load 0, 10, 0;
    %assign/v0 v01057C20_0, 0, 8;
    %jmp T_5;
    .thread T_5, $push;
    .scope S_01022470;
T_6 ;
    %set/v v01057330_0, 0, 3;
    %end;
    .thread T_6;
    .scope S_01022470;
T_7 ;
    %set/v v01057178_0, 0, 8;
    %end;
    .thread T_7;
    .scope S_01022470;
T_8 ;
    %set/v v010579B8_0, 0, 3;
    %end;
    .thread T_8;
    .scope S_01022470;
T_9 ;
    %wait E_0101AFA0;
    %load/v 8, v01057330_0, 3;
    %cmpi/u 8, 1, 3;
    %jmp/1 T_9.1, 6;
    %cmpi/u 8, 2, 3;
    %jmp/1 T_9.2, 6;
    %cmpi/u 8, 3, 3;
    %jmp/1 T_9.3, 6;
    %cmpi/u 8, 4, 3;
    %jmp/1 T_9.4, 6;
    %cmpi/u 8, 5, 3;
    %jmp/1 T_9.5, 6;
    %movi 8, 1, 3;
    %ix/load 0, 3, 0;
    %assign/v0 v01057330_0, 0, 8;
    %jmp T_9.6;
T_9.1 ;
    %ix/load 0, 1, 0;
    %assign/v0 v01057B70_0, 0, 1;
    %ix/load 0, 1, 0;
    %assign/v0 v01057280_0, 0, 0;
    %ix/load 0, 1, 0;
    %assign/v0 v010570C8_0, 0, 0;
    %ix/load 0, 3, 0;
    %assign/v0 v010579B8_0, 0, 0;
    %ix/load 0, 8, 0;
    %assign/v0 v01057178_0, 0, 0;
    %ix/load 0, 3, 0;
    %assign/v0 v010571D0_0, 0, 0;
    %load/v 8, v010572D8_0, 1;
    %jmp/0xz  T_9.7, 8;
    %load/v 8, v01057228_0, 8;
    %ix/load 0, 8, 0;
    %assign/v0 v01057178_0, 0, 8;
    %movi 8, 2, 3;
    %ix/load 0, 3, 0;
    %assign/v0 v01057330_0, 0, 8;
T_9.7 ;
    %jmp T_9.6;
T_9.2 ;
    %ix/load 0, 1, 0;
    %assign/v0 v01057B70_0, 0, 0;
    %ix/load 0, 1, 0;
    %assign/v0 v010570C8_0, 0, 1;
    %load/v 8, v010571D0_0, 3;
    %mov 11, 0, 1;
   %cmpi/u 8, 0, 4;
    %jmp/0xz  T_9.9, 5;
    %load/v 8, v010571D0_0, 3;
    %mov 11, 0, 29;
    %addi 8, 1, 32;
    %ix/load 0, 3, 0;
    %assign/v0 v010571D0_0, 0, 8;
    %movi 8, 2, 3;
    %ix/load 0, 3, 0;
    %assign/v0 v01057330_0, 0, 8;
    %jmp T_9.10;
T_9.9 ;
    %ix/load 0, 3, 0;
    %assign/v0 v010571D0_0, 0, 0;
    %movi 8, 3, 3;
    %ix/load 0, 3, 0;
    %assign/v0 v01057330_0, 0, 8;
T_9.10 ;
    %jmp T_9.6;
T_9.3 ;
    %ix/getv 1, v010579B8_0;
    %jmp/1 T_9.11, 4;
    %load/x1p 8, v01057178_0, 1;
    %jmp T_9.12;
T_9.11 ;
    %mov 8, 2, 1;
T_9.12 ;
; Save base=8 wid=1 in lookaside.
    %ix/load 0, 1, 0;
    %assign/v0 v01057B70_0, 0, 8;
    %load/v 8, v010571D0_0, 3;
    %mov 11, 0, 1;
   %cmpi/u 8, 0, 4;
    %jmp/0xz  T_9.13, 5;
    %load/v 8, v010571D0_0, 3;
    %mov 11, 0, 29;
    %addi 8, 1, 32;
    %ix/load 0, 3, 0;
    %assign/v0 v010571D0_0, 0, 8;
    %movi 8, 3, 3;
    %ix/load 0, 3, 0;
    %assign/v0 v01057330_0, 0, 8;
    %jmp T_9.14;
T_9.13 ;
    %ix/load 0, 3, 0;
    %assign/v0 v010571D0_0, 0, 0;
    %load/v 8, v010579B8_0, 3;
    %mov 11, 0, 2;
   %cmpi/u 8, 7, 5;
    %jmp/0xz  T_9.15, 5;
    %load/v 8, v010579B8_0, 3;
    %mov 11, 0, 29;
    %addi 8, 1, 32;
    %ix/load 0, 3, 0;
    %assign/v0 v010579B8_0, 0, 8;
    %jmp T_9.16;
T_9.15 ;
    %ix/load 0, 3, 0;
    %assign/v0 v010579B8_0, 0, 0;
    %movi 8, 4, 4;
    %ix/load 0, 3, 0;
    %assign/v0 v01057330_0, 0, 8;
T_9.16 ;
T_9.14 ;
    %jmp T_9.6;
T_9.4 ;
    %ix/load 0, 1, 0;
    %assign/v0 v01057B70_0, 0, 1;
    %load/v 8, v010571D0_0, 3;
    %mov 11, 0, 1;
   %cmpi/u 8, 0, 4;
    %jmp/0xz  T_9.17, 5;
    %load/v 8, v010571D0_0, 3;
    %mov 11, 0, 29;
    %addi 8, 1, 32;
    %ix/load 0, 3, 0;
    %assign/v0 v010571D0_0, 0, 8;
    %movi 8, 4, 4;
    %ix/load 0, 3, 0;
    %assign/v0 v01057330_0, 0, 8;
    %jmp T_9.18;
T_9.17 ;
    %ix/load 0, 3, 0;
    %assign/v0 v010571D0_0, 0, 0;
    %ix/load 0, 8, 0;
    %assign/v0 v01057178_0, 0, 0;
    %movi 8, 5, 4;
    %ix/load 0, 3, 0;
    %assign/v0 v01057330_0, 0, 8;
T_9.18 ;
    %jmp T_9.6;
T_9.5 ;
    %ix/load 0, 1, 0;
    %assign/v0 v01057280_0, 0, 1;
    %movi 8, 1, 3;
    %ix/load 0, 3, 0;
    %assign/v0 v01057330_0, 0, 8;
    %jmp T_9.6;
T_9.6 ;
    %jmp T_9;
    .thread T_9;
    .scope S_01022E00;
T_10 ;
    %set/v v010577A8_0, 1, 1;
    %end;
    .thread T_10;
    .scope S_01022E00;
T_11 ;
    %set/v v01057598_0, 1, 1;
    %end;
    .thread T_11;
    .scope S_01022E00;
T_12 ;
    %set/v v01057540_0, 0, 8;
    %end;
    .thread T_12;
    .scope S_01022E00;
T_13 ;
    %set/v v010574E8_0, 0, 3;
    %end;
    .thread T_13;
    .scope S_01022E00;
T_14 ;
    %set/v v01057908_0, 0, 1;
    %end;
    .thread T_14;
    .scope S_01022E00;
T_15 ;
    %set/v v010575F0_0, 0, 3;
    %end;
    .thread T_15;
    .scope S_01022E00;
T_16 ;
    %wait E_0101AFA0;
    %load/v 8, v01057800_0, 1;
    %ix/load 0, 1, 0;
    %assign/v0 v01057598_0, 0, 8;
    %jmp T_16;
    .thread T_16;
    .scope S_01022E00;
T_17 ;
    %wait E_0101AFA0;
    %load/v 8, v010575F0_0, 3;
    %cmpi/u 8, 0, 3;
    %jmp/1 T_17.0, 6;
    %cmpi/u 8, 1, 3;
    %jmp/1 T_17.1, 6;
    %cmpi/u 8, 2, 3;
    %jmp/1 T_17.2, 6;
    %cmpi/u 8, 3, 3;
    %jmp/1 T_17.3, 6;
    %cmpi/u 8, 4, 3;
    %jmp/1 T_17.4, 6;
    %ix/load 0, 3, 0;
    %assign/v0 v010575F0_0, 0, 0;
    %jmp T_17.6;
T_17.0 ;
    %ix/load 0, 1, 0;
    %assign/v0 v01057908_0, 0, 0;
    %ix/load 0, 8, 0;
    %assign/v0 v01057540_0, 0, 0;
    %ix/load 0, 3, 0;
    %assign/v0 v010574E8_0, 0, 0;
    %load/v 8, v01057598_0, 1;
    %mov 9, 0, 1;
    %cmpi/u 8, 0, 2;
    %jmp/0xz  T_17.7, 4;
    %movi 8, 2, 3;
    %ix/load 0, 3, 0;
    %assign/v0 v010575F0_0, 0, 8;
    %jmp T_17.8;
T_17.7 ;
    %ix/load 0, 3, 0;
    %assign/v0 v010575F0_0, 0, 0;
T_17.8 ;
    %jmp T_17.6;
T_17.1 ;
    %load/v 8, v01057540_0, 8;
    %mov 16, 0, 1;
   %cmpi/u 8, 0, 9;
    %jmp/0xz  T_17.9, 5;
    %load/v 8, v01057598_0, 1;
    %mov 9, 0, 1;
    %cmpi/u 8, 0, 2;
    %jmp/0xz  T_17.11, 4;
    %load/v 8, v01057540_0, 8;
    %mov 16, 0, 24;
    %addi 8, 1, 32;
    %ix/load 0, 8, 0;
    %assign/v0 v01057540_0, 0, 8;
    %movi 8, 1, 3;
    %ix/load 0, 3, 0;
    %assign/v0 v010575F0_0, 0, 8;
    %jmp T_17.12;
T_17.11 ;
    %ix/load 0, 3, 0;
    %assign/v0 v010575F0_0, 0, 0;
T_17.12 ;
    %jmp T_17.10;
T_17.9 ;
    %ix/load 0, 8, 0;
    %assign/v0 v01057540_0, 0, 0;
    %movi 8, 2, 3;
    %ix/load 0, 3, 0;
    %assign/v0 v010575F0_0, 0, 8;
T_17.10 ;
    %jmp T_17.6;
T_17.2 ;
    %load/v 8, v01057540_0, 8;
    %mov 16, 0, 1;
   %cmpi/u 8, 0, 9;
    %jmp/0xz  T_17.13, 5;
    %load/v 8, v01057540_0, 8;
    %mov 16, 0, 24;
    %addi 8, 1, 32;
    %ix/load 0, 8, 0;
    %assign/v0 v01057540_0, 0, 8;
    %movi 8, 2, 3;
    %ix/load 0, 3, 0;
    %assign/v0 v010575F0_0, 0, 8;
    %jmp T_17.14;
T_17.13 ;
    %ix/load 0, 8, 0;
    %assign/v0 v01057540_0, 0, 0;
    %load/v 8, v01057598_0, 1;
    %ix/getv 1, v010574E8_0;
    %jmp/1 t_64, 4;
    %ix/load 0, 1, 0;
    %assign/v0/x1 v01057960_0, 0, 8;
t_64 ;
    %load/v 8, v010574E8_0, 3;
    %mov 11, 0, 2;
   %cmpi/u 8, 7, 5;
    %jmp/0xz  T_17.15, 5;
    %load/v 8, v010574E8_0, 3;
    %mov 11, 0, 29;
    %addi 8, 1, 32;
    %ix/load 0, 3, 0;
    %assign/v0 v010574E8_0, 0, 8;
    %movi 8, 2, 3;
    %ix/load 0, 3, 0;
    %assign/v0 v010575F0_0, 0, 8;
    %jmp T_17.16;
T_17.15 ;
    %ix/load 0, 3, 0;
    %assign/v0 v010574E8_0, 0, 0;
    %movi 8, 3, 3;
    %ix/load 0, 3, 0;
    %assign/v0 v010575F0_0, 0, 8;
T_17.16 ;
T_17.14 ;
    %jmp T_17.6;
T_17.3 ;
    %load/v 8, v01057540_0, 8;
    %mov 16, 0, 1;
   %cmpi/u 8, 0, 9;
    %jmp/0xz  T_17.17, 5;
    %load/v 8, v01057540_0, 8;
    %mov 16, 0, 24;
    %addi 8, 1, 32;
    %ix/load 0, 8, 0;
    %assign/v0 v01057540_0, 0, 8;
    %movi 8, 3, 3;
    %ix/load 0, 3, 0;
    %assign/v0 v010575F0_0, 0, 8;
    %jmp T_17.18;
T_17.17 ;
    %ix/load 0, 1, 0;
    %assign/v0 v01057908_0, 0, 1;
    %ix/load 0, 8, 0;
    %assign/v0 v01057540_0, 0, 0;
    %movi 8, 4, 4;
    %ix/load 0, 3, 0;
    %assign/v0 v010575F0_0, 0, 8;
T_17.18 ;
    %jmp T_17.6;
T_17.4 ;
    %ix/load 0, 1, 0;
    %assign/v0 v01057908_0, 0, 0;
    %ix/load 0, 3, 0;
    %assign/v0 v010575F0_0, 0, 0;
    %jmp T_17.6;
T_17.6 ;
    %jmp T_17;
    .thread T_17;
    .scope S_01022140;
T_18 ;
    %set/v v01057648_0, 0, 1;
    %end;
    .thread T_18;
    .scope S_01022140;
T_19 ;
    %set/v v01057750_0, 0, 1;
    %end;
    .thread T_19;
    .scope S_01022140;
T_20 ;
    %wait E_0101AE60;
    %load/v 8, v01057A10_0, 1;
    %jmp/0xz  T_20.0, 8;
    %set/v v01056C70_0, 0, 32;
T_20.2 ;
    %load/v 8, v01056C70_0, 32;
   %cmpi/s 8, 64, 32;
    %jmp/0xz T_20.3, 5;
    %ix/getv/s 3, v01056C70_0;
   %jmp/1 t_65, 4;
   %ix/load 1, 0, 0;
   %set/av v01057A68, 0, 64;
t_65 ;
    %ix/load 0, 1, 0;
    %load/vp0/s 8, v01056C70_0, 32;
    %set/v v01056C70_0, 8, 32;
    %jmp T_20.2;
T_20.3 ;
    %ix/load 0, 1, 0;
    %assign/v0 v01056DD0_0, 0, 0;
    %ix/load 0, 1, 0;
    %assign/v0 v01056AB8_0, 0, 0;
    %ix/load 0, 1, 0;
    %assign/v0 v01056ED8_0, 0, 0;
    %ix/load 0, 2, 0;
    %assign/v0 v01057018_0, 0, 0;
    %ix/load 0, 6, 0;
    %assign/v0 v01057388_0, 0, 0;
    %ix/load 0, 6, 0;
    %assign/v0 v001AB820_0, 0, 0;
    %ix/load 0, 10, 0;
    %assign/v0 v01056CC8_0, 0, 0;
    %ix/load 0, 8, 0;
    %assign/v0 v010576F8_0, 0, 0;
    %ix/load 0, 12, 0;
    %assign/v0 v010576A0_0, 0, 0;
    %ix/load 0, 8, 0;
    %assign/v0 v001AB940_0, 0, 0;
    %jmp T_20.1;
T_20.0 ;
    %load/v 8, v01057018_0, 2;
    %cmpi/u 8, 0, 2;
    %jmp/1 T_20.4, 6;
    %cmpi/u 8, 1, 2;
    %jmp/1 T_20.5, 6;
    %cmpi/u 8, 2, 2;
    %jmp/1 T_20.6, 6;
    %cmpi/u 8, 3, 2;
    %jmp/1 T_20.7, 6;
    %vpi_call 6 426 "$display", "FSM Unknown State";
    %jmp T_20.9;
T_20.4 ;
    %load/v 8, v01057438_0, 1;
    %jmp/0xz  T_20.10, 8;
    %load/v 8, v010578B0_0, 7;
    %ix/load 0, 6, 0;
    %assign/v0 v01057388_0, 0, 8;
    %load/v 8, v01056FC0_0, 7;
    %ix/load 0, 6, 0;
    %assign/v0 v001AB820_0, 0, 8;
    %load/v 8, v01056E80_0, 8;
    %ix/load 0, 8, 0;
    %assign/v0 v010576F8_0, 0, 8;
    %load/v 8, v00FC1670_0, 12;
    %ix/load 0, 12, 0;
    %assign/v0 v010576A0_0, 0, 8;
    %ix/load 0, 4, 0;
    %assign/v0 v01057490_0, 0, 0;
    %movi 8, 1, 2;
    %ix/load 0, 2, 0;
    %assign/v0 v01057018_0, 0, 8;
    %jmp T_20.11;
T_20.10 ;
    %load/v 8, v01056F30_0, 1;
    %mov 9, 0, 2;
    %cmpi/u 8, 1, 3;
    %jmp/0xz  T_20.12, 4;
    %load/v 8, v00FD4688_0, 1; Only need 1 of 8 bits
; Save base=8 wid=1 in lookaside.
    %ix/getv 1, v01056CC8_0;
    %jmp/1 t_66, 4;
    %ix/load 0, 1, 0;
    %assign/v0/x1 v00FC1780_0, 0, 8;
t_66 ;
    %ix/load 1, 1, 0;
    %mov 4, 0, 1;
    %jmp/1 T_20.14, 4;
    %load/x1p 8, v00FD4688_0, 1;
    %jmp T_20.15;
T_20.14 ;
    %mov 8, 2, 1;
T_20.15 ;
; Save base=8 wid=1 in lookaside.
    %ix/load 0, 1, 0;
    %load/vp0 9, v01056CC8_0, 32;
    %ix/get 1, 9, 32;
    %jmp/1 t_67, 4;
    %ix/load 0, 1, 0;
    %assign/v0/x1 v00FC1780_0, 0, 8;
t_67 ;
    %ix/load 1, 2, 0;
    %mov 4, 0, 1;
    %jmp/1 T_20.16, 4;
    %load/x1p 8, v00FD4688_0, 1;
    %jmp T_20.17;
T_20.16 ;
    %mov 8, 2, 1;
T_20.17 ;
; Save base=8 wid=1 in lookaside.
    %ix/load 0, 2, 0;
    %load/vp0 9, v01056CC8_0, 32;
    %ix/get 1, 9, 32;
    %jmp/1 t_68, 4;
    %ix/load 0, 1, 0;
    %assign/v0/x1 v00FC1780_0, 0, 8;
t_68 ;
    %ix/load 1, 3, 0;
    %mov 4, 0, 1;
    %jmp/1 T_20.18, 4;
    %load/x1p 8, v00FD4688_0, 1;
    %jmp T_20.19;
T_20.18 ;
    %mov 8, 2, 1;
T_20.19 ;
; Save base=8 wid=1 in lookaside.
    %ix/load 0, 3, 0;
    %load/vp0 9, v01056CC8_0, 32;
    %ix/get 1, 9, 32;
    %jmp/1 t_69, 4;
    %ix/load 0, 1, 0;
    %assign/v0/x1 v00FC1780_0, 0, 8;
t_69 ;
    %ix/load 1, 4, 0;
    %mov 4, 0, 1;
    %jmp/1 T_20.20, 4;
    %load/x1p 8, v00FD4688_0, 1;
    %jmp T_20.21;
T_20.20 ;
    %mov 8, 2, 1;
T_20.21 ;
; Save base=8 wid=1 in lookaside.
    %ix/load 0, 4, 0;
    %load/vp0 9, v01056CC8_0, 32;
    %ix/get 1, 9, 32;
    %jmp/1 t_70, 4;
    %ix/load 0, 1, 0;
    %assign/v0/x1 v00FC1780_0, 0, 8;
t_70 ;
    %ix/load 1, 5, 0;
    %mov 4, 0, 1;
    %jmp/1 T_20.22, 4;
    %load/x1p 8, v00FD4688_0, 1;
    %jmp T_20.23;
T_20.22 ;
    %mov 8, 2, 1;
T_20.23 ;
; Save base=8 wid=1 in lookaside.
    %ix/load 0, 5, 0;
    %load/vp0 9, v01056CC8_0, 32;
    %ix/get 1, 9, 32;
    %jmp/1 t_71, 4;
    %ix/load 0, 1, 0;
    %assign/v0/x1 v00FC1780_0, 0, 8;
t_71 ;
    %ix/load 1, 6, 0;
    %mov 4, 0, 1;
    %jmp/1 T_20.24, 4;
    %load/x1p 8, v00FD4688_0, 1;
    %jmp T_20.25;
T_20.24 ;
    %mov 8, 2, 1;
T_20.25 ;
; Save base=8 wid=1 in lookaside.
    %ix/load 0, 6, 0;
    %load/vp0 9, v01056CC8_0, 32;
    %ix/get 1, 9, 32;
    %jmp/1 t_72, 4;
    %ix/load 0, 1, 0;
    %assign/v0/x1 v00FC1780_0, 0, 8;
t_72 ;
    %ix/load 1, 7, 0;
    %mov 4, 0, 1;
    %jmp/1 T_20.26, 4;
    %load/x1p 8, v00FD4688_0, 1;
    %jmp T_20.27;
T_20.26 ;
    %mov 8, 2, 1;
T_20.27 ;
; Save base=8 wid=1 in lookaside.
    %ix/load 0, 7, 0;
    %load/vp0 9, v01056CC8_0, 32;
    %ix/get 1, 9, 32;
    %jmp/1 t_73, 4;
    %ix/load 0, 1, 0;
    %assign/v0/x1 v00FC1780_0, 0, 8;
t_73 ;
    %load/v 8, v01057648_0, 1;
    %inv 8, 1;
    %ix/load 0, 1, 0;
    %assign/v0 v01057648_0, 0, 8;
T_20.12 ;
T_20.11 ;
    %jmp T_20.9;
T_20.5 ;
    %movi 8, 14, 6;
    %load/v 14, v01057490_0, 4;
    %mov 18, 0, 2;
    %cmp/u 8, 14, 6;
    %jmp/0xz  T_20.28, 5;
    %movi 8, 2, 2;
    %ix/load 0, 2, 0;
    %assign/v0 v01057018_0, 0, 8;
    %ix/load 0, 10, 0;
    %assign/v0 v01056CC8_0, 0, 0;
    %jmp T_20.29;
T_20.28 ;
    %load/v 8, v01056F30_0, 1;
    %mov 9, 0, 2;
    %cmpi/u 8, 1, 3;
    %jmp/0xz  T_20.30, 4;
    %load/v 8, v00FD4688_0, 1; Only need 1 of 8 bits
; Save base=8 wid=1 in lookaside.
    %ix/getv 1, v01056CC8_0;
    %jmp/1 t_74, 4;
    %ix/load 0, 1, 0;
    %assign/v0/x1 v00FC1780_0, 0, 8;
t_74 ;
    %ix/load 1, 1, 0;
    %mov 4, 0, 1;
    %jmp/1 T_20.32, 4;
    %load/x1p 8, v00FD4688_0, 1;
    %jmp T_20.33;
T_20.32 ;
    %mov 8, 2, 1;
T_20.33 ;
; Save base=8 wid=1 in lookaside.
    %ix/load 0, 1, 0;
    %load/vp0 9, v01056CC8_0, 32;
    %ix/get 1, 9, 32;
    %jmp/1 t_75, 4;
    %ix/load 0, 1, 0;
    %assign/v0/x1 v00FC1780_0, 0, 8;
t_75 ;
    %ix/load 1, 2, 0;
    %mov 4, 0, 1;
    %jmp/1 T_20.34, 4;
    %load/x1p 8, v00FD4688_0, 1;
    %jmp T_20.35;
T_20.34 ;
    %mov 8, 2, 1;
T_20.35 ;
; Save base=8 wid=1 in lookaside.
    %ix/load 0, 2, 0;
    %load/vp0 9, v01056CC8_0, 32;
    %ix/get 1, 9, 32;
    %jmp/1 t_76, 4;
    %ix/load 0, 1, 0;
    %assign/v0/x1 v00FC1780_0, 0, 8;
t_76 ;
    %ix/load 1, 3, 0;
    %mov 4, 0, 1;
    %jmp/1 T_20.36, 4;
    %load/x1p 8, v00FD4688_0, 1;
    %jmp T_20.37;
T_20.36 ;
    %mov 8, 2, 1;
T_20.37 ;
; Save base=8 wid=1 in lookaside.
    %ix/load 0, 3, 0;
    %load/vp0 9, v01056CC8_0, 32;
    %ix/get 1, 9, 32;
    %jmp/1 t_77, 4;
    %ix/load 0, 1, 0;
    %assign/v0/x1 v00FC1780_0, 0, 8;
t_77 ;
    %ix/load 1, 4, 0;
    %mov 4, 0, 1;
    %jmp/1 T_20.38, 4;
    %load/x1p 8, v00FD4688_0, 1;
    %jmp T_20.39;
T_20.38 ;
    %mov 8, 2, 1;
T_20.39 ;
; Save base=8 wid=1 in lookaside.
    %ix/load 0, 4, 0;
    %load/vp0 9, v01056CC8_0, 32;
    %ix/get 1, 9, 32;
    %jmp/1 t_78, 4;
    %ix/load 0, 1, 0;
    %assign/v0/x1 v00FC1780_0, 0, 8;
t_78 ;
    %ix/load 1, 5, 0;
    %mov 4, 0, 1;
    %jmp/1 T_20.40, 4;
    %load/x1p 8, v00FD4688_0, 1;
    %jmp T_20.41;
T_20.40 ;
    %mov 8, 2, 1;
T_20.41 ;
; Save base=8 wid=1 in lookaside.
    %ix/load 0, 5, 0;
    %load/vp0 9, v01056CC8_0, 32;
    %ix/get 1, 9, 32;
    %jmp/1 t_79, 4;
    %ix/load 0, 1, 0;
    %assign/v0/x1 v00FC1780_0, 0, 8;
t_79 ;
    %ix/load 1, 6, 0;
    %mov 4, 0, 1;
    %jmp/1 T_20.42, 4;
    %load/x1p 8, v00FD4688_0, 1;
    %jmp T_20.43;
T_20.42 ;
    %mov 8, 2, 1;
T_20.43 ;
; Save base=8 wid=1 in lookaside.
    %ix/load 0, 6, 0;
    %load/vp0 9, v01056CC8_0, 32;
    %ix/get 1, 9, 32;
    %jmp/1 t_80, 4;
    %ix/load 0, 1, 0;
    %assign/v0/x1 v00FC1780_0, 0, 8;
t_80 ;
    %ix/load 1, 7, 0;
    %mov 4, 0, 1;
    %jmp/1 T_20.44, 4;
    %load/x1p 8, v00FD4688_0, 1;
    %jmp T_20.45;
T_20.44 ;
    %mov 8, 2, 1;
T_20.45 ;
; Save base=8 wid=1 in lookaside.
    %ix/load 0, 7, 0;
    %load/vp0 9, v01056CC8_0, 32;
    %ix/get 1, 9, 32;
    %jmp/1 t_81, 4;
    %ix/load 0, 1, 0;
    %assign/v0/x1 v00FC1780_0, 0, 8;
t_81 ;
    %load/v 8, v01057648_0, 1;
    %inv 8, 1;
    %ix/load 0, 1, 0;
    %assign/v0 v01057648_0, 0, 8;
    %ix/load 0, 4, 0;
    %assign/v0 v01057490_0, 0, 0;
    %jmp T_20.31;
T_20.30 ;
    %load/v 8, v01057490_0, 4;
    %mov 12, 0, 28;
    %addi 8, 1, 32;
    %ix/load 0, 4, 0;
    %assign/v0 v01057490_0, 0, 8;
T_20.31 ;
T_20.29 ;
    %jmp T_20.9;
T_20.6 ;
    %movi 11, 63, 32;
    %load/v 43, v001AB820_0, 6;
    %mov 49, 0, 1;
    %mov 50, 0, 25;
    %sub 11, 43, 32;
    %ix/getv 3, v01057388_0;
    %jmp/1 T_20.46, 4;
    %ix/get/s 0, 11, 32;
T_20.46 ;
    %load/avx.p 11, v01057A68, 0;
    %mov 8, 11, 1; Move signal select into place
    %mov 9, 0, 2;
    %cmpi/u 8, 1, 3;
    %jmp/0xz  T_20.47, 4;
    %ix/load 0, 6, 0;
    %assign/v0 v01057388_0, 0, 0;
    %ix/load 0, 6, 0;
    %assign/v0 v001AB820_0, 0, 0;
    %ix/load 0, 1, 0;
    %assign/v0 v01056D78_0, 0, 0;
    %ix/load 0, 2, 0;
    %assign/v0 v01057018_0, 0, 1;
    %jmp T_20.48;
T_20.47 ;
    %ix/load 0, 2, 0;
    %load/vp0 10, v01056CC8_0, 32;
    %ix/get 1, 10, 32;
    %jmp/1 T_20.49, 4;
    %load/x1p 10, v00FC1780_0, 1;
    %jmp T_20.50;
T_20.49 ;
    %mov 10, 2, 1;
T_20.50 ;
    %mov 8, 10, 1; Move signal select into place
    %mov 9, 0, 1;
    %cmpi/u 8, 0, 2;
    %mov 8, 4, 1;
    %ix/load 0, 1, 0;
    %load/vp0 11, v01056CC8_0, 32;
    %ix/get 1, 11, 32;
    %jmp/1 T_20.51, 4;
    %load/x1p 11, v00FC1780_0, 1;
    %jmp T_20.52;
T_20.51 ;
    %mov 11, 2, 1;
T_20.52 ;
    %mov 9, 11, 1; Move signal select into place
    %mov 10, 0, 1;
    %cmpi/u 9, 0, 2;
    %mov 9, 4, 1;
    %and 8, 9, 1;
    %ix/getv 1, v01056CC8_0;
    %jmp/1 T_20.53, 4;
    %load/x1p 11, v00FC1780_0, 1;
    %jmp T_20.54;
T_20.53 ;
    %mov 11, 2, 1;
T_20.54 ;
    %mov 9, 11, 1; Move signal select into place
    %mov 10, 0, 1;
    %cmpi/u 9, 0, 2;
    %mov 9, 4, 1;
    %and 8, 9, 1;
    %jmp/0xz  T_20.55, 8;
    %load/v 8, v01057750_0, 1;
    %inv 8, 1;
    %ix/load 0, 1, 0;
    %assign/v0 v01057750_0, 0, 8;
    %ix/getv 3, v01057388_0;
   %jmp/1 t_82, 4;
    %movi 8, 63, 32;
    %load/v 40, v001AB820_0, 6;
    %mov 46, 0, 1;
    %mov 47, 0, 25;
    %sub 8, 40, 32;
    %ix/get/s 1, 8, 32;
   %jmp/1 t_82, 4;
   %set/av v01057A68, 1, 1;
t_82 ;
    %load/v 8, v001AB820_0, 6;
    %mov 14, 0, 26;
    %addi 8, 1, 32;
    %set/v v001AB820_0, 8, 6;
    %load/v 8, v001AB940_0, 8;
    %mov 16, 0, 24;
    %addi 8, 1, 32;
    %set/v v001AB940_0, 8, 8;
    %jmp T_20.56;
T_20.55 ;
    %ix/getv 1, v01056CC8_0;
    %jmp/1 T_20.57, 4;
    %load/x1p 11, v00FC1780_0, 1;
    %jmp T_20.58;
T_20.57 ;
    %mov 11, 2, 1;
T_20.58 ;
    %mov 8, 11, 1; Move signal select into place
    %ix/load 0, 1, 0;
    %load/vp0 11, v01056CC8_0, 32;
    %ix/get 1, 11, 32;
    %jmp/1 T_20.59, 4;
    %load/x1p 11, v00FC1780_0, 1;
    %jmp T_20.60;
T_20.59 ;
    %mov 11, 2, 1;
T_20.60 ;
    %mov 9, 11, 1; Move signal select into place
    %ix/load 0, 2, 0;
    %load/vp0 11, v01056CC8_0, 32;
    %ix/get 1, 11, 32;
    %jmp/1 T_20.61, 4;
    %load/x1p 11, v00FC1780_0, 1;
    %jmp T_20.62;
T_20.61 ;
    %mov 11, 2, 1;
T_20.62 ;
    %mov 10, 11, 1; Move signal select into place
    %cmpi/u 8, 1, 3;
    %jmp/0xz  T_20.63, 4;
    %load/v 8, v01057750_0, 1;
    %inv 8, 1;
    %ix/load 0, 1, 0;
    %assign/v0 v01057750_0, 0, 8;
    %ix/getv 3, v01057388_0;
   %jmp/1 t_83, 4;
    %movi 8, 63, 32;
    %load/v 40, v001AB820_0, 6;
    %mov 46, 0, 1;
    %mov 47, 0, 25;
    %sub 8, 40, 32;
    %ix/get/s 1, 8, 32;
   %jmp/1 t_83, 4;
   %set/av v01057A68, 1, 1;
t_83 ;
    %load/v 8, v01057388_0, 6;
    %mov 14, 0, 26;
    %subi 8, 1, 32;
    %set/v v01057388_0, 8, 6;
    %load/v 8, v001AB820_0, 6;
    %mov 14, 0, 26;
    %addi 8, 1, 32;
    %set/v v001AB820_0, 8, 6;
    %load/v 8, v001AB940_0, 8;
    %mov 16, 0, 24;
    %addi 8, 1, 32;
    %set/v v001AB940_0, 8, 8;
    %jmp T_20.64;
T_20.63 ;
    %ix/getv 1, v01056CC8_0;
    %jmp/1 T_20.65, 4;
    %load/x1p 11, v00FC1780_0, 1;
    %jmp T_20.66;
T_20.65 ;
    %mov 11, 2, 1;
T_20.66 ;
    %mov 8, 11, 1; Move signal select into place
    %ix/load 0, 1, 0;
    %load/vp0 11, v01056CC8_0, 32;
    %ix/get 1, 11, 32;
    %jmp/1 T_20.67, 4;
    %load/x1p 11, v00FC1780_0, 1;
    %jmp T_20.68;
T_20.67 ;
    %mov 11, 2, 1;
T_20.68 ;
    %mov 9, 11, 1; Move signal select into place
    %ix/load 0, 2, 0;
    %load/vp0 11, v01056CC8_0, 32;
    %ix/get 1, 11, 32;
    %jmp/1 T_20.69, 4;
    %load/x1p 11, v00FC1780_0, 1;
    %jmp T_20.70;
T_20.69 ;
    %mov 11, 2, 1;
T_20.70 ;
    %mov 10, 11, 1; Move signal select into place
    %cmpi/u 8, 2, 3;
    %jmp/0xz  T_20.71, 4;
    %load/v 8, v01057750_0, 1;
    %inv 8, 1;
    %ix/load 0, 1, 0;
    %assign/v0 v01057750_0, 0, 8;
    %ix/getv 3, v01057388_0;
   %jmp/1 t_84, 4;
    %movi 8, 63, 32;
    %load/v 40, v001AB820_0, 6;
    %mov 46, 0, 1;
    %mov 47, 0, 25;
    %sub 8, 40, 32;
    %ix/get/s 1, 8, 32;
   %jmp/1 t_84, 4;
   %set/av v01057A68, 1, 1;
t_84 ;
    %load/v 8, v01057388_0, 6;
    %mov 14, 0, 26;
    %subi 8, 1, 32;
    %set/v v01057388_0, 8, 6;
    %load/v 8, v001AB940_0, 8;
    %mov 16, 0, 24;
    %addi 8, 1, 32;
    %set/v v001AB940_0, 8, 8;
    %jmp T_20.72;
T_20.71 ;
    %ix/getv 1, v01056CC8_0;
    %jmp/1 T_20.73, 4;
    %load/x1p 11, v00FC1780_0, 1;
    %jmp T_20.74;
T_20.73 ;
    %mov 11, 2, 1;
T_20.74 ;
    %mov 8, 11, 1; Move signal select into place
    %ix/load 0, 1, 0;
    %load/vp0 11, v01056CC8_0, 32;
    %ix/get 1, 11, 32;
    %jmp/1 T_20.75, 4;
    %load/x1p 11, v00FC1780_0, 1;
    %jmp T_20.76;
T_20.75 ;
    %mov 11, 2, 1;
T_20.76 ;
    %mov 9, 11, 1; Move signal select into place
    %ix/load 0, 2, 0;
    %load/vp0 11, v01056CC8_0, 32;
    %ix/get 1, 11, 32;
    %jmp/1 T_20.77, 4;
    %load/x1p 11, v00FC1780_0, 1;
    %jmp T_20.78;
T_20.77 ;
    %mov 11, 2, 1;
T_20.78 ;
    %mov 10, 11, 1; Move signal select into place
    %cmpi/u 8, 3, 3;
    %jmp/0xz  T_20.79, 4;
    %load/v 8, v01057750_0, 1;
    %inv 8, 1;
    %ix/load 0, 1, 0;
    %assign/v0 v01057750_0, 0, 8;
    %ix/getv 3, v01057388_0;
   %jmp/1 t_85, 4;
    %movi 8, 63, 32;
    %load/v 40, v001AB820_0, 6;
    %mov 46, 0, 1;
    %mov 47, 0, 25;
    %sub 8, 40, 32;
    %ix/get/s 1, 8, 32;
   %jmp/1 t_85, 4;
   %set/av v01057A68, 1, 1;
t_85 ;
    %load/v 8, v01057388_0, 6;
    %mov 14, 0, 26;
    %subi 8, 1, 32;
    %set/v v01057388_0, 8, 6;
    %load/v 8, v001AB820_0, 6;
    %mov 14, 0, 26;
    %subi 8, 1, 32;
    %set/v v001AB820_0, 8, 6;
    %load/v 8, v001AB940_0, 8;
    %mov 16, 0, 24;
    %addi 8, 1, 32;
    %set/v v001AB940_0, 8, 8;
    %jmp T_20.80;
T_20.79 ;
    %ix/getv 1, v01056CC8_0;
    %jmp/1 T_20.81, 4;
    %load/x1p 15, v00FC1780_0, 1;
    %jmp T_20.82;
T_20.81 ;
    %mov 15, 2, 1;
T_20.82 ;
    %mov 12, 15, 1; Move signal select into place
    %ix/load 0, 1, 0;
    %load/vp0 15, v01056CC8_0, 32;
    %ix/get 1, 15, 32;
    %jmp/1 T_20.83, 4;
    %load/x1p 15, v00FC1780_0, 1;
    %jmp T_20.84;
T_20.83 ;
    %mov 15, 2, 1;
T_20.84 ;
    %mov 13, 15, 1; Move signal select into place
    %ix/load 0, 2, 0;
    %load/vp0 15, v01056CC8_0, 32;
    %ix/get 1, 15, 32;
    %jmp/1 T_20.85, 4;
    %load/x1p 15, v00FC1780_0, 1;
    %jmp T_20.86;
T_20.85 ;
    %mov 15, 2, 1;
T_20.86 ;
    %mov 14, 15, 1; Move signal select into place
    %mov 8, 12, 3;
    %mov 11, 0, 1;
    %cmpi/u 8, 4, 4;
    %jmp/0xz  T_20.87, 4;
    %load/v 8, v01057750_0, 1;
    %inv 8, 1;
    %ix/load 0, 1, 0;
    %assign/v0 v01057750_0, 0, 8;
    %ix/getv 3, v01057388_0;
   %jmp/1 t_86, 4;
    %movi 8, 63, 32;
    %load/v 40, v001AB820_0, 6;
    %mov 46, 0, 1;
    %mov 47, 0, 25;
    %sub 8, 40, 32;
    %ix/get/s 1, 8, 32;
   %jmp/1 t_86, 4;
   %set/av v01057A68, 1, 1;
t_86 ;
    %load/v 8, v001AB820_0, 6;
    %mov 14, 0, 26;
    %subi 8, 1, 32;
    %set/v v001AB820_0, 8, 6;
    %load/v 8, v001AB940_0, 8;
    %mov 16, 0, 24;
    %addi 8, 1, 32;
    %set/v v001AB940_0, 8, 8;
    %jmp T_20.88;
T_20.87 ;
    %ix/getv 1, v01056CC8_0;
    %jmp/1 T_20.89, 4;
    %load/x1p 15, v00FC1780_0, 1;
    %jmp T_20.90;
T_20.89 ;
    %mov 15, 2, 1;
T_20.90 ;
    %mov 12, 15, 1; Move signal select into place
    %ix/load 0, 1, 0;
    %load/vp0 15, v01056CC8_0, 32;
    %ix/get 1, 15, 32;
    %jmp/1 T_20.91, 4;
    %load/x1p 15, v00FC1780_0, 1;
    %jmp T_20.92;
T_20.91 ;
    %mov 15, 2, 1;
T_20.92 ;
    %mov 13, 15, 1; Move signal select into place
    %ix/load 0, 2, 0;
    %load/vp0 15, v01056CC8_0, 32;
    %ix/get 1, 15, 32;
    %jmp/1 T_20.93, 4;
    %load/x1p 15, v00FC1780_0, 1;
    %jmp T_20.94;
T_20.93 ;
    %mov 15, 2, 1;
T_20.94 ;
    %mov 14, 15, 1; Move signal select into place
    %mov 8, 12, 3;
    %mov 11, 0, 1;
    %cmpi/u 8, 5, 4;
    %jmp/0xz  T_20.95, 4;
    %load/v 8, v01057750_0, 1;
    %inv 8, 1;
    %ix/load 0, 1, 0;
    %assign/v0 v01057750_0, 0, 8;
    %ix/getv 3, v01057388_0;
   %jmp/1 t_87, 4;
    %movi 8, 63, 32;
    %load/v 40, v001AB820_0, 6;
    %mov 46, 0, 1;
    %mov 47, 0, 25;
    %sub 8, 40, 32;
    %ix/get/s 1, 8, 32;
   %jmp/1 t_87, 4;
   %set/av v01057A68, 1, 1;
t_87 ;
    %load/v 8, v01057388_0, 6;
    %mov 14, 0, 26;
    %addi 8, 1, 32;
    %set/v v01057388_0, 8, 6;
    %load/v 8, v001AB820_0, 6;
    %mov 14, 0, 26;
    %subi 8, 1, 32;
    %set/v v001AB820_0, 8, 6;
    %load/v 8, v001AB940_0, 8;
    %mov 16, 0, 24;
    %addi 8, 1, 32;
    %set/v v001AB940_0, 8, 8;
    %jmp T_20.96;
T_20.95 ;
    %ix/getv 1, v01056CC8_0;
    %jmp/1 T_20.97, 4;
    %load/x1p 15, v00FC1780_0, 1;
    %jmp T_20.98;
T_20.97 ;
    %mov 15, 2, 1;
T_20.98 ;
    %mov 12, 15, 1; Move signal select into place
    %ix/load 0, 1, 0;
    %load/vp0 15, v01056CC8_0, 32;
    %ix/get 1, 15, 32;
    %jmp/1 T_20.99, 4;
    %load/x1p 15, v00FC1780_0, 1;
    %jmp T_20.100;
T_20.99 ;
    %mov 15, 2, 1;
T_20.100 ;
    %mov 13, 15, 1; Move signal select into place
    %ix/load 0, 2, 0;
    %load/vp0 15, v01056CC8_0, 32;
    %ix/get 1, 15, 32;
    %jmp/1 T_20.101, 4;
    %load/x1p 15, v00FC1780_0, 1;
    %jmp T_20.102;
T_20.101 ;
    %mov 15, 2, 1;
T_20.102 ;
    %mov 14, 15, 1; Move signal select into place
    %mov 8, 12, 3;
    %mov 11, 0, 1;
    %cmpi/u 8, 6, 4;
    %jmp/0xz  T_20.103, 4;
    %load/v 8, v01057750_0, 1;
    %inv 8, 1;
    %ix/load 0, 1, 0;
    %assign/v0 v01057750_0, 0, 8;
    %ix/getv 3, v01057388_0;
   %jmp/1 t_88, 4;
    %movi 8, 63, 32;
    %load/v 40, v001AB820_0, 6;
    %mov 46, 0, 1;
    %mov 47, 0, 25;
    %sub 8, 40, 32;
    %ix/get/s 1, 8, 32;
   %jmp/1 t_88, 4;
   %set/av v01057A68, 1, 1;
t_88 ;
    %load/v 8, v01057388_0, 6;
    %mov 14, 0, 26;
    %addi 8, 1, 32;
    %set/v v01057388_0, 8, 6;
    %load/v 8, v001AB940_0, 8;
    %mov 16, 0, 24;
    %addi 8, 1, 32;
    %set/v v001AB940_0, 8, 8;
    %jmp T_20.104;
T_20.103 ;
    %ix/getv 1, v01056CC8_0;
    %jmp/1 T_20.105, 4;
    %load/x1p 15, v00FC1780_0, 1;
    %jmp T_20.106;
T_20.105 ;
    %mov 15, 2, 1;
T_20.106 ;
    %mov 12, 15, 1; Move signal select into place
    %ix/load 0, 1, 0;
    %load/vp0 15, v01056CC8_0, 32;
    %ix/get 1, 15, 32;
    %jmp/1 T_20.107, 4;
    %load/x1p 15, v00FC1780_0, 1;
    %jmp T_20.108;
T_20.107 ;
    %mov 15, 2, 1;
T_20.108 ;
    %mov 13, 15, 1; Move signal select into place
    %ix/load 0, 2, 0;
    %load/vp0 15, v01056CC8_0, 32;
    %ix/get 1, 15, 32;
    %jmp/1 T_20.109, 4;
    %load/x1p 15, v00FC1780_0, 1;
    %jmp T_20.110;
T_20.109 ;
    %mov 15, 2, 1;
T_20.110 ;
    %mov 14, 15, 1; Move signal select into place
    %mov 8, 12, 3;
    %mov 11, 0, 1;
    %cmpi/u 8, 7, 4;
    %jmp/0xz  T_20.111, 4;
    %load/v 8, v01057750_0, 1;
    %inv 8, 1;
    %ix/load 0, 1, 0;
    %assign/v0 v01057750_0, 0, 8;
    %ix/getv 3, v01057388_0;
   %jmp/1 t_89, 4;
    %movi 8, 63, 32;
    %load/v 40, v001AB820_0, 6;
    %mov 46, 0, 1;
    %mov 47, 0, 25;
    %sub 8, 40, 32;
    %ix/get/s 1, 8, 32;
   %jmp/1 t_89, 4;
   %set/av v01057A68, 1, 1;
t_89 ;
    %load/v 8, v01057388_0, 6;
    %mov 14, 0, 26;
    %addi 8, 1, 32;
    %set/v v01057388_0, 8, 6;
    %load/v 8, v001AB820_0, 6;
    %mov 14, 0, 26;
    %addi 8, 1, 32;
    %set/v v001AB820_0, 8, 6;
    %load/v 8, v001AB940_0, 8;
    %mov 16, 0, 24;
    %addi 8, 1, 32;
    %set/v v001AB940_0, 8, 8;
T_20.111 ;
T_20.104 ;
T_20.96 ;
T_20.88 ;
T_20.80 ;
T_20.72 ;
T_20.64 ;
T_20.56 ;
T_20.48 ;
    %jmp T_20.9;
T_20.7 ;
    %load/v 8, v001AB940_0, 8;
    %load/v 16, v010576F8_0, 8;
    %cmp/u 8, 16, 8;
    %inv 4, 1;
    %jmp/0xz  T_20.113, 4;
    %ix/load 0, 1, 0;
    %assign/v0 v01056ED8_0, 0, 1;
T_20.113 ;
    %ix/load 3, 0, 0;
    %mov 4, 0, 1;
    %load/av 8, v01057A68, 64;
    %ix/load 0, 64, 0;
    %assign/v0 v0100E110_0, 0, 8;
    %ix/load 3, 1, 0;
    %mov 4, 0, 1;
    %load/av 8, v01057A68, 64;
    %ix/load 0, 64, 0;
    %assign/v0 v01024170_0, 0, 8;
    %ix/load 3, 2, 0;
    %mov 4, 0, 1;
    %load/av 8, v01057A68, 64;
    %ix/load 0, 64, 0;
    %assign/v0 v01055D80_0, 0, 8;
    %ix/load 3, 3, 0;
    %mov 4, 0, 1;
    %load/av 8, v01057A68, 64;
    %ix/load 0, 64, 0;
    %assign/v0 v01055AC0_0, 0, 8;
    %ix/load 3, 4, 0;
    %mov 4, 0, 1;
    %load/av 8, v01057A68, 64;
    %ix/load 0, 64, 0;
    %assign/v0 v01056698_0, 0, 8;
    %ix/load 3, 5, 0;
    %mov 4, 0, 1;
    %load/av 8, v01057A68, 64;
    %ix/load 0, 64, 0;
    %assign/v0 v01056010_0, 0, 8;
    %ix/load 3, 6, 0;
    %mov 4, 0, 1;
    %load/av 8, v01057A68, 64;
    %ix/load 0, 64, 0;
    %assign/v0 v01056278_0, 0, 8;
    %ix/load 3, 7, 0;
    %mov 4, 0, 1;
    %load/av 8, v01057A68, 64;
    %ix/load 0, 64, 0;
    %assign/v0 v01056B10_0, 0, 8;
    %ix/load 3, 8, 0;
    %mov 4, 0, 1;
    %load/av 8, v01057A68, 64;
    %ix/load 0, 64, 0;
    %assign/v0 v01056C18_0, 0, 8;
    %ix/load 3, 9, 0;
    %mov 4, 0, 1;
    %load/av 8, v01057A68, 64;
    %ix/load 0, 64, 0;
    %assign/v0 v01056BC0_0, 0, 8;
    %ix/load 3, 10, 0;
    %mov 4, 0, 1;
    %load/av 8, v01057A68, 64;
    %ix/load 0, 64, 0;
    %assign/v0 v010241C8_0, 0, 8;
    %ix/load 3, 11, 0;
    %mov 4, 0, 1;
    %load/av 8, v01057A68, 64;
    %ix/load 0, 64, 0;
    %assign/v0 v00FDC668_0, 0, 8;
    %ix/load 3, 12, 0;
    %mov 4, 0, 1;
    %load/av 8, v01057A68, 64;
    %ix/load 0, 64, 0;
    %assign/v0 v01055B70_0, 0, 8;
    %ix/load 3, 13, 0;
    %mov 4, 0, 1;
    %load/av 8, v01057A68, 64;
    %ix/load 0, 64, 0;
    %assign/v0 v01055BC8_0, 0, 8;
    %ix/load 3, 14, 0;
    %mov 4, 0, 1;
    %load/av 8, v01057A68, 64;
    %ix/load 0, 64, 0;
    %assign/v0 v01055D28_0, 0, 8;
    %ix/load 3, 15, 0;
    %mov 4, 0, 1;
    %load/av 8, v01057A68, 64;
    %ix/load 0, 64, 0;
    %assign/v0 v01055C20_0, 0, 8;
    %ix/load 3, 16, 0;
    %mov 4, 0, 1;
    %load/av 8, v01057A68, 64;
    %ix/load 0, 64, 0;
    %assign/v0 v01055C78_0, 0, 8;
    %ix/load 3, 17, 0;
    %mov 4, 0, 1;
    %load/av 8, v01057A68, 64;
    %ix/load 0, 64, 0;
    %assign/v0 v01055800_0, 0, 8;
    %ix/load 3, 18, 0;
    %mov 4, 0, 1;
    %load/av 8, v01057A68, 64;
    %ix/load 0, 64, 0;
    %assign/v0 v010558B0_0, 0, 8;
    %ix/load 3, 19, 0;
    %mov 4, 0, 1;
    %load/av 8, v01057A68, 64;
    %ix/load 0, 64, 0;
    %assign/v0 v01055CD0_0, 0, 8;
    %ix/load 3, 20, 0;
    %mov 4, 0, 1;
    %load/av 8, v01057A68, 64;
    %ix/load 0, 64, 0;
    %assign/v0 v01055A10_0, 0, 8;
    %ix/load 3, 21, 0;
    %mov 4, 0, 1;
    %load/av 8, v01057A68, 64;
    %ix/load 0, 64, 0;
    %assign/v0 v01055908_0, 0, 8;
    %ix/load 3, 22, 0;
    %mov 4, 0, 1;
    %load/av 8, v01057A68, 64;
    %ix/load 0, 64, 0;
    %assign/v0 v010557A8_0, 0, 8;
    %ix/load 3, 23, 0;
    %mov 4, 0, 1;
    %load/av 8, v01057A68, 64;
    %ix/load 0, 64, 0;
    %assign/v0 v01055DD8_0, 0, 8;
    %ix/load 3, 24, 0;
    %mov 4, 0, 1;
    %load/av 8, v01057A68, 64;
    %ix/load 0, 64, 0;
    %assign/v0 v01055858_0, 0, 8;
    %ix/load 3, 25, 0;
    %mov 4, 0, 1;
    %load/av 8, v01057A68, 64;
    %ix/load 0, 64, 0;
    %assign/v0 v01055960_0, 0, 8;
    %ix/load 3, 26, 0;
    %mov 4, 0, 1;
    %load/av 8, v01057A68, 64;
    %ix/load 0, 64, 0;
    %assign/v0 v010559B8_0, 0, 8;
    %ix/load 3, 27, 0;
    %mov 4, 0, 1;
    %load/av 8, v01057A68, 64;
    %ix/load 0, 64, 0;
    %assign/v0 v01055E30_0, 0, 8;
    %ix/load 3, 28, 0;
    %mov 4, 0, 1;
    %load/av 8, v01057A68, 64;
    %ix/load 0, 64, 0;
    %assign/v0 v01055B18_0, 0, 8;
    %ix/load 3, 29, 0;
    %mov 4, 0, 1;
    %load/av 8, v01057A68, 64;
    %ix/load 0, 64, 0;
    %assign/v0 v01055A68_0, 0, 8;
    %ix/load 3, 30, 0;
    %mov 4, 0, 1;
    %load/av 8, v01057A68, 64;
    %ix/load 0, 64, 0;
    %assign/v0 v01055E88_0, 0, 8;
    %ix/load 3, 31, 0;
    %mov 4, 0, 1;
    %load/av 8, v01057A68, 64;
    %ix/load 0, 64, 0;
    %assign/v0 v01055EE0_0, 0, 8;
    %ix/load 3, 32, 0;
    %mov 4, 0, 1;
    %load/av 8, v01057A68, 64;
    %ix/load 0, 64, 0;
    %assign/v0 v01056430_0, 0, 8;
    %ix/load 3, 33, 0;
    %mov 4, 0, 1;
    %load/av 8, v01057A68, 64;
    %ix/load 0, 64, 0;
    %assign/v0 v01056A60_0, 0, 8;
    %ix/load 3, 34, 0;
    %mov 4, 0, 1;
    %load/av 8, v01057A68, 64;
    %ix/load 0, 64, 0;
    %assign/v0 v010568A8_0, 0, 8;
    %ix/load 3, 35, 0;
    %mov 4, 0, 1;
    %load/av 8, v01057A68, 64;
    %ix/load 0, 64, 0;
    %assign/v0 v01055FB8_0, 0, 8;
    %ix/load 3, 36, 0;
    %mov 4, 0, 1;
    %load/av 8, v01057A68, 64;
    %ix/load 0, 64, 0;
    %assign/v0 v010566F0_0, 0, 8;
    %ix/load 3, 37, 0;
    %mov 4, 0, 1;
    %load/av 8, v01057A68, 64;
    %ix/load 0, 64, 0;
    %assign/v0 v01056640_0, 0, 8;
    %ix/load 3, 38, 0;
    %mov 4, 0, 1;
    %load/av 8, v01057A68, 64;
    %ix/load 0, 64, 0;
    %assign/v0 v010567F8_0, 0, 8;
    %ix/load 3, 39, 0;
    %mov 4, 0, 1;
    %load/av 8, v01057A68, 64;
    %ix/load 0, 64, 0;
    %assign/v0 v01056220_0, 0, 8;
    %ix/load 3, 40, 0;
    %mov 4, 0, 1;
    %load/av 8, v01057A68, 64;
    %ix/load 0, 64, 0;
    %assign/v0 v01056488_0, 0, 8;
    %ix/load 3, 41, 0;
    %mov 4, 0, 1;
    %load/av 8, v01057A68, 64;
    %ix/load 0, 64, 0;
    %assign/v0 v01056170_0, 0, 8;
    %ix/load 3, 42, 0;
    %mov 4, 0, 1;
    %load/av 8, v01057A68, 64;
    %ix/load 0, 64, 0;
    %assign/v0 v01056748_0, 0, 8;
    %ix/load 3, 43, 0;
    %mov 4, 0, 1;
    %load/av 8, v01057A68, 64;
    %ix/load 0, 64, 0;
    %assign/v0 v01056380_0, 0, 8;
    %ix/load 3, 44, 0;
    %mov 4, 0, 1;
    %load/av 8, v01057A68, 64;
    %ix/load 0, 64, 0;
    %assign/v0 v01056900_0, 0, 8;
    %ix/load 3, 45, 0;
    %mov 4, 0, 1;
    %load/av 8, v01057A68, 64;
    %ix/load 0, 64, 0;
    %assign/v0 v01056538_0, 0, 8;
    %ix/load 3, 46, 0;
    %mov 4, 0, 1;
    %load/av 8, v01057A68, 64;
    %ix/load 0, 64, 0;
    %assign/v0 v010567A0_0, 0, 8;
    %ix/load 3, 47, 0;
    %mov 4, 0, 1;
    %load/av 8, v01057A68, 64;
    %ix/load 0, 64, 0;
    %assign/v0 v01056958_0, 0, 8;
    %ix/load 3, 48, 0;
    %mov 4, 0, 1;
    %load/av 8, v01057A68, 64;
    %ix/load 0, 64, 0;
    %assign/v0 v010562D0_0, 0, 8;
    %ix/load 3, 49, 0;
    %mov 4, 0, 1;
    %load/av 8, v01057A68, 64;
    %ix/load 0, 64, 0;
    %assign/v0 v010569B0_0, 0, 8;
    %ix/load 3, 50, 0;
    %mov 4, 0, 1;
    %load/av 8, v01057A68, 64;
    %ix/load 0, 64, 0;
    %assign/v0 v01056328_0, 0, 8;
    %ix/load 3, 51, 0;
    %mov 4, 0, 1;
    %load/av 8, v01057A68, 64;
    %ix/load 0, 64, 0;
    %assign/v0 v010561C8_0, 0, 8;
    %ix/load 3, 52, 0;
    %mov 4, 0, 1;
    %load/av 8, v01057A68, 64;
    %ix/load 0, 64, 0;
    %assign/v0 v01056850_0, 0, 8;
    %ix/load 3, 53, 0;
    %mov 4, 0, 1;
    %load/av 8, v01057A68, 64;
    %ix/load 0, 64, 0;
    %assign/v0 v010563D8_0, 0, 8;
    %ix/load 3, 54, 0;
    %mov 4, 0, 1;
    %load/av 8, v01057A68, 64;
    %ix/load 0, 64, 0;
    %assign/v0 v010565E8_0, 0, 8;
    %ix/load 3, 55, 0;
    %mov 4, 0, 1;
    %load/av 8, v01057A68, 64;
    %ix/load 0, 64, 0;
    %assign/v0 v010564E0_0, 0, 8;
    %ix/load 3, 56, 0;
    %mov 4, 0, 1;
    %load/av 8, v01057A68, 64;
    %ix/load 0, 64, 0;
    %assign/v0 v01056A08_0, 0, 8;
    %ix/load 3, 57, 0;
    %mov 4, 0, 1;
    %load/av 8, v01057A68, 64;
    %ix/load 0, 64, 0;
    %assign/v0 v01056068_0, 0, 8;
    %ix/load 3, 58, 0;
    %mov 4, 0, 1;
    %load/av 8, v01057A68, 64;
    %ix/load 0, 64, 0;
    %assign/v0 v010560C0_0, 0, 8;
    %ix/load 3, 59, 0;
    %mov 4, 0, 1;
    %load/av 8, v01057A68, 64;
    %ix/load 0, 64, 0;
    %assign/v0 v01056118_0, 0, 8;
    %ix/load 3, 60, 0;
    %mov 4, 0, 1;
    %load/av 8, v01057A68, 64;
    %ix/load 0, 64, 0;
    %assign/v0 v01056590_0, 0, 8;
    %ix/load 3, 61, 0;
    %mov 4, 0, 1;
    %load/av 8, v01057A68, 64;
    %ix/load 0, 64, 0;
    %assign/v0 v01056D20_0, 0, 8;
    %ix/load 3, 62, 0;
    %mov 4, 0, 1;
    %load/av 8, v01057A68, 64;
    %ix/load 0, 64, 0;
    %assign/v0 v01056E28_0, 0, 8;
    %ix/load 3, 63, 0;
    %mov 4, 0, 1;
    %load/av 8, v01057A68, 64;
    %ix/load 0, 64, 0;
    %assign/v0 v01056B68_0, 0, 8;
    %jmp T_20.9;
T_20.9 ;
T_20.1 ;
    %jmp T_20;
    .thread T_20;
    .scope S_01022140;
T_21 ;
    %wait E_0101AD00;
    %load/v 8, v01056CC8_0, 10;
    %mov 18, 0, 22;
    %addi 8, 8, 32;
    %ix/load 0, 10, 0;
    %assign/v0 v01056CC8_0, 0, 8;
    %jmp T_21;
    .thread T_21, $push;
    .scope S_01022140;
T_22 ;
    %wait E_0101AD20;
    %load/v 8, v01056CC8_0, 10;
    %mov 18, 0, 22;
    %addi 8, 8, 32;
    %ix/load 0, 10, 0;
    %assign/v0 v01056CC8_0, 0, 8;
    %jmp T_22;
    .thread T_22, $push;
    .scope S_010231B8;
T_23 ;
    %delay 50000, 0;
    %load/v 8, v010583E8_0, 1;
    %inv 8, 1;
    %set/v v010583E8_0, 8, 1;
    %jmp T_23;
    .thread T_23;
    .scope S_010231B8;
T_24 ;
    %vpi_call 2 175 "$dumpfile", "test.vcd";
    %vpi_call 2 176 "$dumpvars", 1'sb0, S_010231B8;
    %end;
    .thread T_24;
    .scope S_010231B8;
T_25 ;
    %set/v v010583E8_0, 0, 1;
    %set/v v01059B80_0, 1, 1;
    %delay 300000, 0;
    %set/v v01059B80_0, 0, 1;
    %set/v v01059C30_0, 1, 1;
    %delay 2000000000, 0;
    %vpi_call 2 188 "$finish";
    %end;
    .thread T_25;
# The file index is used to find the file name in the following table.
:file_names 7;
    "N/A";
    "<interactive>";
    ".\Main.v";
    "./Encoder.v";
    "./UART_sender.v";
    "./UART_receiver.v";
    "./Decoder.v";
